

Started GET "/" for ::1 at 2016-01-24 11:49:36 -0800
Processing by Rails::WelcomeController#index as HTML
  Rendered /usr/local/lib/ruby/gems/2.2.0/gems/railties-4.2.4/lib/rails/templates/rails/welcome/index.html.erb (3.5ms)
Completed 200 OK in 51ms (Views: 23.1ms | ActiveRecord: 0.0ms)


Started GET "/" for ::1 at 2016-01-24 11:49:36 -0800
Processing by Rails::WelcomeController#index as HTML
  Rendered /usr/local/lib/ruby/gems/2.2.0/gems/railties-4.2.4/lib/rails/templates/rails/welcome/index.html.erb (0.1ms)
Completed 200 OK in 3ms (Views: 2.8ms | ActiveRecord: 0.0ms)


Started GET "/" for ::1 at 2016-01-24 14:32:22 -0800
Processing by Rails::WelcomeController#index as HTML
  Rendered /usr/local/lib/ruby/gems/2.2.0/gems/railties-4.2.4/lib/rails/templates/rails/welcome/index.html.erb (4.2ms)
Completed 200 OK in 50ms (Views: 25.1ms | ActiveRecord: 0.0ms)


Started GET "/" for ::1 at 2016-01-24 14:34:39 -0800
Processing by WelcomeController#index as HTML
  Rendered welcome/index.html.erb within layouts/application (2.9ms)
Completed 200 OK in 2407ms (Views: 2384.2ms | ActiveRecord: 0.0ms)


Started GET "/assets/welcome.self-e3b0c44298fc1c149afbf4c8996fb92427ae41e4649b934ca495991b7852b855.css?body=1" for ::1 at 2016-01-24 14:34:42 -0800


Started GET "/assets/application.self-e80e8f2318043e8af94dddc2adad5a4f09739a8ebb323b3ab31cd71d45fd9113.css?body=1" for ::1 at 2016-01-24 14:34:42 -0800


Started GET "/assets/jquery.self-c64a74367bda6ef8b860f19e74df08927ca99d2be2ac934e9e92d5fd361e0da4.js?body=1" for ::1 at 2016-01-24 14:34:42 -0800


Started GET "/assets/turbolinks.self-c37727e9bd6b2735da5c311aa83fead54ed0be6cc8bd9a65309e9c5abe2cbfff.js?body=1" for ::1 at 2016-01-24 14:34:42 -0800


Started GET "/assets/jquery_ujs.self-d602bdfe68ffc63b9f9cc512872aa3cfff046228a0a36e90dd476e8ef54c1b09.js?body=1" for ::1 at 2016-01-24 14:34:42 -0800


Started GET "/assets/welcome.self-877aef30ae1b040ab8a3aba4e3e309a11d7f2612f44dde450b5c157aa5f95c05.js?body=1" for ::1 at 2016-01-24 14:34:42 -0800


Started GET "/assets/application.self-3b8dabdc891efe46b9a144b400ad69e37d7e5876bdc39dee783419a69d7ca819.js?body=1" for ::1 at 2016-01-24 14:34:42 -0800
  [1m[36m (24.5ms)[0m  [1mCREATE TABLE "schema_migrations" ("version" varchar NOT NULL) [0m
  [1m[35m (0.2ms)[0m  select sqlite_version(*)
  [1m[36m (81.1ms)[0m  [1mCREATE UNIQUE INDEX "unique_schema_migrations" ON "schema_migrations" ("version")[0m
  [1m[35mActiveRecord::SchemaMigration Load (0.2ms)[0m  SELECT "schema_migrations".* FROM "schema_migrations"
Migrating to CreateWaterfalls (20160124224612)
  [1m[36m (0.2ms)[0m  [1mbegin transaction[0m
  [1m[35m (1.2ms)[0m  CREATE TABLE "waterfalls" ("id" INTEGER PRIMARY KEY AUTOINCREMENT NOT NULL, "title" varchar, "text" text, "created_at" datetime NOT NULL, "updated_at" datetime NOT NULL) 
  [1m[36mSQL (0.8ms)[0m  [1mINSERT INTO "schema_migrations" ("version") VALUES (?)[0m  [["version", "20160124224612"]]
  [1m[35m (10.6ms)[0m  commit transaction
  [1m[36mActiveRecord::SchemaMigration Load (0.2ms)[0m  [1mSELECT "schema_migrations".* FROM "schema_migrations"[0m


Started GET "/" for ::1 at 2016-01-24 14:51:09 -0800
  [1m[36mActiveRecord::SchemaMigration Load (0.3ms)[0m  [1mSELECT "schema_migrations".* FROM "schema_migrations"[0m
Processing by WelcomeController#index as HTML
  Rendered welcome/index.html.erb within layouts/application (2.4ms)
Completed 200 OK in 900ms (Views: 875.5ms | ActiveRecord: 0.0ms)


Started GET "/assets/waterfalls.self-e3b0c44298fc1c149afbf4c8996fb92427ae41e4649b934ca495991b7852b855.css?body=1" for ::1 at 2016-01-24 14:51:11 -0800


Started GET "/assets/waterfalls.self-877aef30ae1b040ab8a3aba4e3e309a11d7f2612f44dde450b5c157aa5f95c05.js?body=1" for ::1 at 2016-01-24 14:51:11 -0800


Started GET "/waterfall/new" for ::1 at 2016-01-24 14:51:17 -0800

ActionController::RoutingError (No route matches [GET] "/waterfall/new"):
  actionpack (4.2.4) lib/action_dispatch/middleware/debug_exceptions.rb:21:in `call'
  web-console (2.2.1) lib/web_console/middleware.rb:39:in `call'
  actionpack (4.2.4) lib/action_dispatch/middleware/show_exceptions.rb:30:in `call'
  railties (4.2.4) lib/rails/rack/logger.rb:38:in `call_app'
  railties (4.2.4) lib/rails/rack/logger.rb:20:in `block in call'
  activesupport (4.2.4) lib/active_support/tagged_logging.rb:68:in `block in tagged'
  activesupport (4.2.4) lib/active_support/tagged_logging.rb:26:in `tagged'
  activesupport (4.2.4) lib/active_support/tagged_logging.rb:68:in `tagged'
  railties (4.2.4) lib/rails/rack/logger.rb:20:in `call'
  actionpack (4.2.4) lib/action_dispatch/middleware/request_id.rb:21:in `call'
  rack (1.6.4) lib/rack/methodoverride.rb:22:in `call'
  rack (1.6.4) lib/rack/runtime.rb:18:in `call'
  activesupport (4.2.4) lib/active_support/cache/strategy/local_cache_middleware.rb:28:in `call'
  rack (1.6.4) lib/rack/lock.rb:17:in `call'
  actionpack (4.2.4) lib/action_dispatch/middleware/static.rb:116:in `call'
  rack (1.6.4) lib/rack/sendfile.rb:113:in `call'
  railties (4.2.4) lib/rails/engine.rb:518:in `call'
  railties (4.2.4) lib/rails/application.rb:165:in `call'
  rack (1.6.4) lib/rack/lock.rb:17:in `call'
  rack (1.6.4) lib/rack/content_length.rb:15:in `call'
  rack (1.6.4) lib/rack/handler/webrick.rb:88:in `service'
  /usr/local/lib/ruby/2.2.0/webrick/httpserver.rb:138:in `service'
  /usr/local/lib/ruby/2.2.0/webrick/httpserver.rb:94:in `run'
  /usr/local/lib/ruby/2.2.0/webrick/server.rb:294:in `block in start_thread'


  Rendered /usr/local/lib/ruby/gems/2.2.0/gems/actionpack-4.2.4/lib/action_dispatch/middleware/templates/rescues/_trace.html.erb (4.4ms)
  Rendered /usr/local/lib/ruby/gems/2.2.0/gems/actionpack-4.2.4/lib/action_dispatch/middleware/templates/routes/_route.html.erb (3.9ms)
  Rendered /usr/local/lib/ruby/gems/2.2.0/gems/actionpack-4.2.4/lib/action_dispatch/middleware/templates/routes/_table.html.erb (27.2ms)
  Rendered /usr/local/lib/ruby/gems/2.2.0/gems/actionpack-4.2.4/lib/action_dispatch/middleware/templates/rescues/_request_and_response.html.erb (4.5ms)
  Rendered /usr/local/lib/ruby/gems/2.2.0/gems/actionpack-4.2.4/lib/action_dispatch/middleware/templates/rescues/routing_error.html.erb within rescues/layout (158.0ms)
  Rendered /usr/local/lib/ruby/gems/2.2.0/gems/web-console-2.2.1/lib/web_console/templates/_markup.html.erb (0.8ms)
  Rendered /usr/local/lib/ruby/gems/2.2.0/gems/web-console-2.2.1/lib/web_console/templates/_inner_console_markup.html.erb within layouts/inlined_string (0.7ms)
  Rendered /usr/local/lib/ruby/gems/2.2.0/gems/web-console-2.2.1/lib/web_console/templates/_prompt_box_markup.html.erb within layouts/inlined_string (0.7ms)
  Rendered /usr/local/lib/ruby/gems/2.2.0/gems/web-console-2.2.1/lib/web_console/templates/style.css.erb within layouts/inlined_string (0.6ms)
  Rendered /usr/local/lib/ruby/gems/2.2.0/gems/web-console-2.2.1/lib/web_console/templates/console.js.erb within layouts/javascript (88.7ms)
  Rendered /usr/local/lib/ruby/gems/2.2.0/gems/web-console-2.2.1/lib/web_console/templates/main.js.erb within layouts/javascript (0.6ms)
  Rendered /usr/local/lib/ruby/gems/2.2.0/gems/web-console-2.2.1/lib/web_console/templates/error_page.js.erb within layouts/javascript (0.8ms)
  Rendered /usr/local/lib/ruby/gems/2.2.0/gems/web-console-2.2.1/lib/web_console/templates/index.html.erb (194.0ms)


Started GET "/waterfalls/new" for ::1 at 2016-01-24 14:51:23 -0800
Processing by WaterfallsController#new as HTML
  Rendered waterfalls/new.html.erb within layouts/application (51.5ms)
Completed 200 OK in 115ms (Views: 111.1ms | ActiveRecord: 0.0ms)


Started POST "/waterfalls" for ::1 at 2016-01-24 14:52:04 -0800
Processing by WaterfallsController#create as HTML
  Parameters: {"utf8"=>"✓", "authenticity_token"=>"gvFstsfDq3d+bXTKkNhtb+bocM+iGbZ69XMDRByX4yQpgpIX1FWW0Z99qd100cDVL/G6e9/CDmw6zIwOvAIpNQ==", "waterfall"=>{"title"=>"Multnomah Falls", "text"=>"Multnomah Falls, located in Oregon's Columbia River Gorge, is the tallest and most famous waterfall in Oregon, with a height of 611 feet and featuring two tiers."}, "commit"=>"Save Waterfall"}
  [1m[35m (0.2ms)[0m  begin transaction
  [1m[36mSQL (1.4ms)[0m  [1mINSERT INTO "waterfalls" ("title", "text", "created_at", "updated_at") VALUES (?, ?, ?, ?)[0m  [["title", "Multnomah Falls"], ["text", "Multnomah Falls, located in Oregon's Columbia River Gorge, is the tallest and most famous waterfall in Oregon, with a height of 611 feet and featuring two tiers."], ["created_at", "2016-01-24 22:52:04.756563"], ["updated_at", "2016-01-24 22:52:04.756563"]]
  [1m[35m (19.5ms)[0m  commit transaction
Redirected to http://localhost:3000/waterfalls/1
Completed 302 Found in 70ms (ActiveRecord: 21.7ms)


Started GET "/waterfalls/1" for ::1 at 2016-01-24 14:52:04 -0800
Processing by WaterfallsController#show as HTML
  Parameters: {"id"=>"1"}
  [1m[36mWaterfall Load (0.7ms)[0m  [1mSELECT  "waterfalls".* FROM "waterfalls" WHERE "waterfalls"."id" = ? LIMIT 1[0m  [["id", 1]]
  Rendered waterfalls/show.html.erb within layouts/application (5.9ms)
Completed 500 Internal Server Error in 35ms (ActiveRecord: 0.7ms)

ActionView::Template::Error (undefined method `text' for nil:NilClass):
    5:  
    6: <p>
    7:   <strong>Description:</strong>
    8:   <%= @Waterfall.text %>
    9: </p>
  app/views/waterfalls/show.html.erb:8:in `_app_views_waterfalls_show_html_erb___609222784__633413036'


  Rendered /usr/local/lib/ruby/gems/2.2.0/gems/actionpack-4.2.4/lib/action_dispatch/middleware/templates/rescues/_source.erb (18.8ms)
  Rendered /usr/local/lib/ruby/gems/2.2.0/gems/actionpack-4.2.4/lib/action_dispatch/middleware/templates/rescues/_trace.html.erb (7.1ms)
  Rendered /usr/local/lib/ruby/gems/2.2.0/gems/actionpack-4.2.4/lib/action_dispatch/middleware/templates/rescues/_request_and_response.html.erb (2.9ms)
  Rendered /usr/local/lib/ruby/gems/2.2.0/gems/actionpack-4.2.4/lib/action_dispatch/middleware/templates/rescues/template_error.html.erb within rescues/layout (78.6ms)
  Rendered /usr/local/lib/ruby/gems/2.2.0/gems/web-console-2.2.1/lib/web_console/templates/_markup.html.erb (0.6ms)
  Rendered /usr/local/lib/ruby/gems/2.2.0/gems/web-console-2.2.1/lib/web_console/templates/_inner_console_markup.html.erb within layouts/inlined_string (1.1ms)
  Rendered /usr/local/lib/ruby/gems/2.2.0/gems/web-console-2.2.1/lib/web_console/templates/_prompt_box_markup.html.erb within layouts/inlined_string (0.9ms)
  Rendered /usr/local/lib/ruby/gems/2.2.0/gems/web-console-2.2.1/lib/web_console/templates/style.css.erb within layouts/inlined_string (0.7ms)
  Rendered /usr/local/lib/ruby/gems/2.2.0/gems/web-console-2.2.1/lib/web_console/templates/console.js.erb within layouts/javascript (46.5ms)
  Rendered /usr/local/lib/ruby/gems/2.2.0/gems/web-console-2.2.1/lib/web_console/templates/main.js.erb within layouts/javascript (0.9ms)
  Rendered /usr/local/lib/ruby/gems/2.2.0/gems/web-console-2.2.1/lib/web_console/templates/error_page.js.erb within layouts/javascript (0.9ms)
  Rendered /usr/local/lib/ruby/gems/2.2.0/gems/web-console-2.2.1/lib/web_console/templates/index.html.erb (94.6ms)


Started GET "/waterfalls/1" for ::1 at 2016-01-24 14:52:32 -0800
  [1m[36mActiveRecord::SchemaMigration Load (0.2ms)[0m  [1mSELECT "schema_migrations".* FROM "schema_migrations"[0m
Processing by WaterfallsController#show as HTML
  Parameters: {"id"=>"1"}
  [1m[35mWaterfall Load (0.4ms)[0m  SELECT  "waterfalls".* FROM "waterfalls" WHERE "waterfalls"."id" = ? LIMIT 1  [["id", 1]]
  Rendered waterfalls/show.html.erb within layouts/application (3.2ms)
Completed 200 OK in 563ms (Views: 506.0ms | ActiveRecord: 1.2ms)


Started GET "/assets/waterfalls.self-e3b0c44298fc1c149afbf4c8996fb92427ae41e4649b934ca495991b7852b855.css?body=1" for ::1 at 2016-01-24 14:52:33 -0800


Started GET "/assets/welcome.self-e3b0c44298fc1c149afbf4c8996fb92427ae41e4649b934ca495991b7852b855.css?body=1" for ::1 at 2016-01-24 14:52:33 -0800


Started GET "/assets/application.self-e80e8f2318043e8af94dddc2adad5a4f09739a8ebb323b3ab31cd71d45fd9113.css?body=1" for ::1 at 2016-01-24 14:52:33 -0800


Started GET "/assets/jquery.self-c64a74367bda6ef8b860f19e74df08927ca99d2be2ac934e9e92d5fd361e0da4.js?body=1" for ::1 at 2016-01-24 14:52:33 -0800


Started GET "/assets/jquery_ujs.self-d602bdfe68ffc63b9f9cc512872aa3cfff046228a0a36e90dd476e8ef54c1b09.js?body=1" for ::1 at 2016-01-24 14:52:33 -0800


Started GET "/assets/waterfalls.self-877aef30ae1b040ab8a3aba4e3e309a11d7f2612f44dde450b5c157aa5f95c05.js?body=1" for ::1 at 2016-01-24 14:52:33 -0800


Started GET "/assets/turbolinks.self-c37727e9bd6b2735da5c311aa83fead54ed0be6cc8bd9a65309e9c5abe2cbfff.js?body=1" for ::1 at 2016-01-24 14:52:33 -0800


Started GET "/assets/welcome.self-877aef30ae1b040ab8a3aba4e3e309a11d7f2612f44dde450b5c157aa5f95c05.js?body=1" for ::1 at 2016-01-24 14:52:33 -0800


Started GET "/assets/application.self-3b8dabdc891efe46b9a144b400ad69e37d7e5876bdc39dee783419a69d7ca819.js?body=1" for ::1 at 2016-01-24 14:52:33 -0800


Started GET "/" for ::1 at 2016-01-24 14:52:47 -0800
Processing by WelcomeController#index as HTML
  Rendered welcome/index.html.erb within layouts/application (0.9ms)
Completed 200 OK in 49ms (Views: 47.6ms | ActiveRecord: 0.0ms)


Started GET "/" for ::1 at 2016-01-24 14:59:17 -0800
  [1m[36mActiveRecord::SchemaMigration Load (0.3ms)[0m  [1mSELECT "schema_migrations".* FROM "schema_migrations"[0m
Processing by WelcomeController#index as HTML
  Rendered welcome/index.html.erb within layouts/application (3.7ms)
Completed 200 OK in 476ms (Views: 453.4ms | ActiveRecord: 0.0ms)


Started GET "/waterfalls" for ::1 at 2016-01-24 14:59:20 -0800

SyntaxError (/home/aduo3000/waterfalls/app/controllers/waterfalls_controller.rb:23: syntax error, unexpected end-of-input, expecting keyword_end):
  app/controllers/waterfalls_controller.rb:23: syntax error, unexpected end-of-input, expecting keyword_end


  Rendered /usr/local/lib/ruby/gems/2.2.0/gems/actionpack-4.2.4/lib/action_dispatch/middleware/templates/rescues/_source.erb (12.0ms)
  Rendered /usr/local/lib/ruby/gems/2.2.0/gems/actionpack-4.2.4/lib/action_dispatch/middleware/templates/rescues/_trace.html.erb (6.0ms)
  Rendered /usr/local/lib/ruby/gems/2.2.0/gems/actionpack-4.2.4/lib/action_dispatch/middleware/templates/rescues/_request_and_response.html.erb (3.4ms)
  Rendered /usr/local/lib/ruby/gems/2.2.0/gems/actionpack-4.2.4/lib/action_dispatch/middleware/templates/rescues/diagnostics.html.erb within rescues/layout (53.9ms)
  Rendered /usr/local/lib/ruby/gems/2.2.0/gems/web-console-2.2.1/lib/web_console/templates/_markup.html.erb (0.7ms)
  Rendered /usr/local/lib/ruby/gems/2.2.0/gems/web-console-2.2.1/lib/web_console/templates/_inner_console_markup.html.erb within layouts/inlined_string (0.6ms)
  Rendered /usr/local/lib/ruby/gems/2.2.0/gems/web-console-2.2.1/lib/web_console/templates/_prompt_box_markup.html.erb within layouts/inlined_string (0.8ms)
  Rendered /usr/local/lib/ruby/gems/2.2.0/gems/web-console-2.2.1/lib/web_console/templates/style.css.erb within layouts/inlined_string (0.8ms)
  Rendered /usr/local/lib/ruby/gems/2.2.0/gems/web-console-2.2.1/lib/web_console/templates/console.js.erb within layouts/javascript (39.9ms)
  Rendered /usr/local/lib/ruby/gems/2.2.0/gems/web-console-2.2.1/lib/web_console/templates/main.js.erb within layouts/javascript (0.5ms)
  Rendered /usr/local/lib/ruby/gems/2.2.0/gems/web-console-2.2.1/lib/web_console/templates/error_page.js.erb within layouts/javascript (0.9ms)
  Rendered /usr/local/lib/ruby/gems/2.2.0/gems/web-console-2.2.1/lib/web_console/templates/index.html.erb (90.1ms)


Started GET "/waterfalls" for ::1 at 2016-01-24 14:59:20 -0800

SyntaxError (/home/aduo3000/waterfalls/app/controllers/waterfalls_controller.rb:23: syntax error, unexpected end-of-input, expecting keyword_end):
  app/controllers/waterfalls_controller.rb:23: syntax error, unexpected end-of-input, expecting keyword_end


  Rendered /usr/local/lib/ruby/gems/2.2.0/gems/actionpack-4.2.4/lib/action_dispatch/middleware/templates/rescues/_source.erb (15.3ms)
  Rendered /usr/local/lib/ruby/gems/2.2.0/gems/actionpack-4.2.4/lib/action_dispatch/middleware/templates/rescues/_trace.html.erb (6.5ms)
  Rendered /usr/local/lib/ruby/gems/2.2.0/gems/actionpack-4.2.4/lib/action_dispatch/middleware/templates/rescues/_request_and_response.html.erb (4.8ms)
  Rendered /usr/local/lib/ruby/gems/2.2.0/gems/actionpack-4.2.4/lib/action_dispatch/middleware/templates/rescues/diagnostics.html.erb within rescues/layout (65.1ms)
  Rendered /usr/local/lib/ruby/gems/2.2.0/gems/web-console-2.2.1/lib/web_console/templates/_markup.html.erb (0.7ms)
  Rendered /usr/local/lib/ruby/gems/2.2.0/gems/web-console-2.2.1/lib/web_console/templates/_inner_console_markup.html.erb within layouts/inlined_string (2.1ms)
  Rendered /usr/local/lib/ruby/gems/2.2.0/gems/web-console-2.2.1/lib/web_console/templates/_prompt_box_markup.html.erb within layouts/inlined_string (2.0ms)
  Rendered /usr/local/lib/ruby/gems/2.2.0/gems/web-console-2.2.1/lib/web_console/templates/style.css.erb within layouts/inlined_string (0.7ms)
  Rendered /usr/local/lib/ruby/gems/2.2.0/gems/web-console-2.2.1/lib/web_console/templates/console.js.erb within layouts/javascript (51.8ms)
  Rendered /usr/local/lib/ruby/gems/2.2.0/gems/web-console-2.2.1/lib/web_console/templates/main.js.erb within layouts/javascript (0.6ms)
  Rendered /usr/local/lib/ruby/gems/2.2.0/gems/web-console-2.2.1/lib/web_console/templates/error_page.js.erb within layouts/javascript (0.8ms)
  Rendered /usr/local/lib/ruby/gems/2.2.0/gems/web-console-2.2.1/lib/web_console/templates/index.html.erb (101.8ms)


Started GET "/waterfalls" for ::1 at 2016-01-24 14:59:41 -0800
Processing by WaterfallsController#index as HTML
  [1m[35mWaterfall Load (0.9ms)[0m  SELECT "waterfalls".* FROM "waterfalls"
  Rendered waterfalls/index.html.erb within layouts/application (17.5ms)
Completed 200 OK in 76ms (Views: 68.9ms | ActiveRecord: 1.6ms)


Started GET "/assets/waterfalls.self-e3b0c44298fc1c149afbf4c8996fb92427ae41e4649b934ca495991b7852b855.css?body=1" for ::1 at 2016-01-24 14:59:41 -0800


Started GET "/assets/application.self-e80e8f2318043e8af94dddc2adad5a4f09739a8ebb323b3ab31cd71d45fd9113.css?body=1" for ::1 at 2016-01-24 14:59:41 -0800


Started GET "/assets/welcome.self-e3b0c44298fc1c149afbf4c8996fb92427ae41e4649b934ca495991b7852b855.css?body=1" for ::1 at 2016-01-24 14:59:41 -0800


Started GET "/assets/jquery.self-c64a74367bda6ef8b860f19e74df08927ca99d2be2ac934e9e92d5fd361e0da4.js?body=1" for ::1 at 2016-01-24 14:59:41 -0800


Started GET "/assets/jquery_ujs.self-d602bdfe68ffc63b9f9cc512872aa3cfff046228a0a36e90dd476e8ef54c1b09.js?body=1" for ::1 at 2016-01-24 14:59:41 -0800


Started GET "/assets/turbolinks.self-c37727e9bd6b2735da5c311aa83fead54ed0be6cc8bd9a65309e9c5abe2cbfff.js?body=1" for ::1 at 2016-01-24 14:59:41 -0800


Started GET "/assets/waterfalls.self-877aef30ae1b040ab8a3aba4e3e309a11d7f2612f44dde450b5c157aa5f95c05.js?body=1" for ::1 at 2016-01-24 14:59:41 -0800


Started GET "/assets/welcome.self-877aef30ae1b040ab8a3aba4e3e309a11d7f2612f44dde450b5c157aa5f95c05.js?body=1" for ::1 at 2016-01-24 14:59:41 -0800


Started GET "/assets/application.self-3b8dabdc891efe46b9a144b400ad69e37d7e5876bdc39dee783419a69d7ca819.js?body=1" for ::1 at 2016-01-24 14:59:41 -0800


Started GET "/waterfalls/new" for ::1 at 2016-01-24 14:59:56 -0800
Processing by WaterfallsController#new as HTML
  Rendered waterfalls/new.html.erb within layouts/application (5.5ms)
Completed 500 Internal Server Error in 27ms (ActiveRecord: 0.0ms)

ActionView::Template::Error (undefined method `errors' for nil:NilClass):
    2: 
    3: <%= form_for :waterfall, url: waterfalls_path do |f| %>
    4: 
    5:   <% if @waterfall.errors.any? %>
    6:     <div id="error_explanation">
    7:       <h2>
    8:         <%= pluralize(@waterfall.errors.count, "error") %> prohibited
  app/views/waterfalls/new.html.erb:5:in `block in _app_views_waterfalls_new_html_erb___214607799__622004360'
  app/views/waterfalls/new.html.erb:3:in `_app_views_waterfalls_new_html_erb___214607799__622004360'


  Rendered /usr/local/lib/ruby/gems/2.2.0/gems/actionpack-4.2.4/lib/action_dispatch/middleware/templates/rescues/_source.erb (18.6ms)
  Rendered /usr/local/lib/ruby/gems/2.2.0/gems/actionpack-4.2.4/lib/action_dispatch/middleware/templates/rescues/_trace.html.erb (8.1ms)
  Rendered /usr/local/lib/ruby/gems/2.2.0/gems/actionpack-4.2.4/lib/action_dispatch/middleware/templates/rescues/_request_and_response.html.erb (2.5ms)
  Rendered /usr/local/lib/ruby/gems/2.2.0/gems/actionpack-4.2.4/lib/action_dispatch/middleware/templates/rescues/template_error.html.erb within rescues/layout (63.3ms)
  Rendered /usr/local/lib/ruby/gems/2.2.0/gems/web-console-2.2.1/lib/web_console/templates/_markup.html.erb (1.0ms)
  Rendered /usr/local/lib/ruby/gems/2.2.0/gems/web-console-2.2.1/lib/web_console/templates/_inner_console_markup.html.erb within layouts/inlined_string (1.0ms)
  Rendered /usr/local/lib/ruby/gems/2.2.0/gems/web-console-2.2.1/lib/web_console/templates/_prompt_box_markup.html.erb within layouts/inlined_string (0.7ms)
  Rendered /usr/local/lib/ruby/gems/2.2.0/gems/web-console-2.2.1/lib/web_console/templates/style.css.erb within layouts/inlined_string (1.0ms)
  Rendered /usr/local/lib/ruby/gems/2.2.0/gems/web-console-2.2.1/lib/web_console/templates/console.js.erb within layouts/javascript (44.0ms)
  Rendered /usr/local/lib/ruby/gems/2.2.0/gems/web-console-2.2.1/lib/web_console/templates/main.js.erb within layouts/javascript (0.7ms)
  Rendered /usr/local/lib/ruby/gems/2.2.0/gems/web-console-2.2.1/lib/web_console/templates/error_page.js.erb within layouts/javascript (1.2ms)
  Rendered /usr/local/lib/ruby/gems/2.2.0/gems/web-console-2.2.1/lib/web_console/templates/index.html.erb (93.4ms)


Started GET "/waterfalls/new" for ::1 at 2016-01-24 15:01:14 -0800
Processing by WaterfallsController#new as HTML
  Rendered waterfalls/new.html.erb within layouts/application (11.3ms)
Completed 500 Internal Server Error in 18ms (ActiveRecord: 0.0ms)

ActionView::Template::Error (undefined method `error' for nil:NilClass):
    2: 
    3: <%= form_for :waterfall, url: waterfalls_path do |f| %>
    4: 
    5:   <% if @waterfall.error.any? %>
    6:     <div id="error_explanation">
    7:       <h2>
    8:         <%= pluralize(@waterfall.errors.count, "error") %> prohibited
  app/views/waterfalls/new.html.erb:5:in `block in _app_views_waterfalls_new_html_erb___214607799__578237636'
  app/views/waterfalls/new.html.erb:3:in `_app_views_waterfalls_new_html_erb___214607799__578237636'


  Rendered /usr/local/lib/ruby/gems/2.2.0/gems/actionpack-4.2.4/lib/action_dispatch/middleware/templates/rescues/_source.erb (18.4ms)
  Rendered /usr/local/lib/ruby/gems/2.2.0/gems/actionpack-4.2.4/lib/action_dispatch/middleware/templates/rescues/_trace.html.erb (7.1ms)
  Rendered /usr/local/lib/ruby/gems/2.2.0/gems/actionpack-4.2.4/lib/action_dispatch/middleware/templates/rescues/_request_and_response.html.erb (2.1ms)
  Rendered /usr/local/lib/ruby/gems/2.2.0/gems/actionpack-4.2.4/lib/action_dispatch/middleware/templates/rescues/template_error.html.erb within rescues/layout (67.1ms)
  Rendered /usr/local/lib/ruby/gems/2.2.0/gems/web-console-2.2.1/lib/web_console/templates/_markup.html.erb (0.9ms)
  Rendered /usr/local/lib/ruby/gems/2.2.0/gems/web-console-2.2.1/lib/web_console/templates/_inner_console_markup.html.erb within layouts/inlined_string (0.7ms)
  Rendered /usr/local/lib/ruby/gems/2.2.0/gems/web-console-2.2.1/lib/web_console/templates/_prompt_box_markup.html.erb within layouts/inlined_string (0.7ms)
  Rendered /usr/local/lib/ruby/gems/2.2.0/gems/web-console-2.2.1/lib/web_console/templates/style.css.erb within layouts/inlined_string (0.9ms)
  Rendered /usr/local/lib/ruby/gems/2.2.0/gems/web-console-2.2.1/lib/web_console/templates/console.js.erb within layouts/javascript (41.3ms)
  Rendered /usr/local/lib/ruby/gems/2.2.0/gems/web-console-2.2.1/lib/web_console/templates/main.js.erb within layouts/javascript (0.7ms)
  Rendered /usr/local/lib/ruby/gems/2.2.0/gems/web-console-2.2.1/lib/web_console/templates/error_page.js.erb within layouts/javascript (0.8ms)
  Rendered /usr/local/lib/ruby/gems/2.2.0/gems/web-console-2.2.1/lib/web_console/templates/index.html.erb (90.9ms)


Started GET "/waterfalls/new" for ::1 at 2016-01-24 15:01:16 -0800
Processing by WaterfallsController#new as HTML
  Rendered waterfalls/new.html.erb within layouts/application (6.1ms)
Completed 500 Internal Server Error in 26ms (ActiveRecord: 0.0ms)

ActionView::Template::Error (undefined method `error' for nil:NilClass):
    2: 
    3: <%= form_for :waterfall, url: waterfalls_path do |f| %>
    4: 
    5:   <% if @waterfall.error.any? %>
    6:     <div id="error_explanation">
    7:       <h2>
    8:         <%= pluralize(@waterfall.errors.count, "error") %> prohibited
  app/views/waterfalls/new.html.erb:5:in `block in _app_views_waterfalls_new_html_erb___214607799__578237636'
  app/views/waterfalls/new.html.erb:3:in `_app_views_waterfalls_new_html_erb___214607799__578237636'


  Rendered /usr/local/lib/ruby/gems/2.2.0/gems/actionpack-4.2.4/lib/action_dispatch/middleware/templates/rescues/_source.erb (19.7ms)
  Rendered /usr/local/lib/ruby/gems/2.2.0/gems/actionpack-4.2.4/lib/action_dispatch/middleware/templates/rescues/_trace.html.erb (8.2ms)
  Rendered /usr/local/lib/ruby/gems/2.2.0/gems/actionpack-4.2.4/lib/action_dispatch/middleware/templates/rescues/_request_and_response.html.erb (2.4ms)
  Rendered /usr/local/lib/ruby/gems/2.2.0/gems/actionpack-4.2.4/lib/action_dispatch/middleware/templates/rescues/template_error.html.erb within rescues/layout (64.3ms)
  Rendered /usr/local/lib/ruby/gems/2.2.0/gems/web-console-2.2.1/lib/web_console/templates/_markup.html.erb (1.0ms)
  Rendered /usr/local/lib/ruby/gems/2.2.0/gems/web-console-2.2.1/lib/web_console/templates/_inner_console_markup.html.erb within layouts/inlined_string (0.7ms)
  Rendered /usr/local/lib/ruby/gems/2.2.0/gems/web-console-2.2.1/lib/web_console/templates/_prompt_box_markup.html.erb within layouts/inlined_string (0.7ms)
  Rendered /usr/local/lib/ruby/gems/2.2.0/gems/web-console-2.2.1/lib/web_console/templates/style.css.erb within layouts/inlined_string (0.7ms)
  Rendered /usr/local/lib/ruby/gems/2.2.0/gems/web-console-2.2.1/lib/web_console/templates/console.js.erb within layouts/javascript (40.5ms)
  Rendered /usr/local/lib/ruby/gems/2.2.0/gems/web-console-2.2.1/lib/web_console/templates/main.js.erb within layouts/javascript (0.6ms)
  Rendered /usr/local/lib/ruby/gems/2.2.0/gems/web-console-2.2.1/lib/web_console/templates/error_page.js.erb within layouts/javascript (1.1ms)
  Rendered /usr/local/lib/ruby/gems/2.2.0/gems/web-console-2.2.1/lib/web_console/templates/index.html.erb (86.6ms)


Started GET "/waterfalls/new" for ::1 at 2016-01-24 15:01:25 -0800
Processing by WaterfallsController#new as HTML
  Rendered waterfalls/new.html.erb within layouts/application (6.5ms)
Completed 500 Internal Server Error in 11ms (ActiveRecord: 0.0ms)

ActionView::Template::Error (undefined method `errors' for nil:NilClass):
    2: 
    3: <%= form_for :waterfall, url: waterfalls_path do |f| %>
    4: 
    5:   <% if @waterfall.errors.any? %>
    6:     <div id="error_explanation">
    7:       <h2>
    8:         <%= pluralize(@waterfall.errors.count, "error") %> prohibited
  app/views/waterfalls/new.html.erb:5:in `block in _app_views_waterfalls_new_html_erb___214607799__567611732'
  app/views/waterfalls/new.html.erb:3:in `_app_views_waterfalls_new_html_erb___214607799__567611732'


  Rendered /usr/local/lib/ruby/gems/2.2.0/gems/actionpack-4.2.4/lib/action_dispatch/middleware/templates/rescues/_source.erb (18.8ms)
  Rendered /usr/local/lib/ruby/gems/2.2.0/gems/actionpack-4.2.4/lib/action_dispatch/middleware/templates/rescues/_trace.html.erb (7.5ms)
  Rendered /usr/local/lib/ruby/gems/2.2.0/gems/actionpack-4.2.4/lib/action_dispatch/middleware/templates/rescues/_request_and_response.html.erb (2.1ms)
  Rendered /usr/local/lib/ruby/gems/2.2.0/gems/actionpack-4.2.4/lib/action_dispatch/middleware/templates/rescues/template_error.html.erb within rescues/layout (62.5ms)
  Rendered /usr/local/lib/ruby/gems/2.2.0/gems/web-console-2.2.1/lib/web_console/templates/_markup.html.erb (0.8ms)
  Rendered /usr/local/lib/ruby/gems/2.2.0/gems/web-console-2.2.1/lib/web_console/templates/_inner_console_markup.html.erb within layouts/inlined_string (0.6ms)
  Rendered /usr/local/lib/ruby/gems/2.2.0/gems/web-console-2.2.1/lib/web_console/templates/_prompt_box_markup.html.erb within layouts/inlined_string (0.7ms)
  Rendered /usr/local/lib/ruby/gems/2.2.0/gems/web-console-2.2.1/lib/web_console/templates/style.css.erb within layouts/inlined_string (0.7ms)
  Rendered /usr/local/lib/ruby/gems/2.2.0/gems/web-console-2.2.1/lib/web_console/templates/console.js.erb within layouts/javascript (41.3ms)
  Rendered /usr/local/lib/ruby/gems/2.2.0/gems/web-console-2.2.1/lib/web_console/templates/main.js.erb within layouts/javascript (0.8ms)
  Rendered /usr/local/lib/ruby/gems/2.2.0/gems/web-console-2.2.1/lib/web_console/templates/error_page.js.erb within layouts/javascript (1.0ms)
  Rendered /usr/local/lib/ruby/gems/2.2.0/gems/web-console-2.2.1/lib/web_console/templates/index.html.erb (86.8ms)


Started GET "/waterfalls/new" for ::1 at 2016-01-24 15:02:47 -0800
Processing by WaterfallsController#new as HTML
  Rendered waterfalls/new.html.erb within layouts/application (4.7ms)
Completed 500 Internal Server Error in 11ms (ActiveRecord: 0.0ms)

ActionView::Template::Error (undefined method `errors' for nil:NilClass):
    2: 
    3: <%= form_for :waterfall, url: waterfalls_path do |f| %>
    4: 
    5:   <% if @waterfall.errors.any? %>
    6:     <div id="error_explanation">
    7:       <h2>
    8:         <%= pluralize(@waterfall.errors.count, "error") %> prohibited
  app/views/waterfalls/new.html.erb:5:in `block in _app_views_waterfalls_new_html_erb___214607799__567611732'
  app/views/waterfalls/new.html.erb:3:in `_app_views_waterfalls_new_html_erb___214607799__567611732'


  Rendered /usr/local/lib/ruby/gems/2.2.0/gems/actionpack-4.2.4/lib/action_dispatch/middleware/templates/rescues/_source.erb (35.8ms)
  Rendered /usr/local/lib/ruby/gems/2.2.0/gems/actionpack-4.2.4/lib/action_dispatch/middleware/templates/rescues/_trace.html.erb (8.0ms)
  Rendered /usr/local/lib/ruby/gems/2.2.0/gems/actionpack-4.2.4/lib/action_dispatch/middleware/templates/rescues/_request_and_response.html.erb (2.2ms)
  Rendered /usr/local/lib/ruby/gems/2.2.0/gems/actionpack-4.2.4/lib/action_dispatch/middleware/templates/rescues/template_error.html.erb within rescues/layout (79.9ms)
  Rendered /usr/local/lib/ruby/gems/2.2.0/gems/web-console-2.2.1/lib/web_console/templates/_markup.html.erb (0.8ms)
  Rendered /usr/local/lib/ruby/gems/2.2.0/gems/web-console-2.2.1/lib/web_console/templates/_inner_console_markup.html.erb within layouts/inlined_string (0.7ms)
  Rendered /usr/local/lib/ruby/gems/2.2.0/gems/web-console-2.2.1/lib/web_console/templates/_prompt_box_markup.html.erb within layouts/inlined_string (0.6ms)
  Rendered /usr/local/lib/ruby/gems/2.2.0/gems/web-console-2.2.1/lib/web_console/templates/style.css.erb within layouts/inlined_string (0.6ms)
  Rendered /usr/local/lib/ruby/gems/2.2.0/gems/web-console-2.2.1/lib/web_console/templates/console.js.erb within layouts/javascript (42.5ms)
  Rendered /usr/local/lib/ruby/gems/2.2.0/gems/web-console-2.2.1/lib/web_console/templates/main.js.erb within layouts/javascript (0.6ms)
  Rendered /usr/local/lib/ruby/gems/2.2.0/gems/web-console-2.2.1/lib/web_console/templates/error_page.js.erb within layouts/javascript (0.9ms)
  Rendered /usr/local/lib/ruby/gems/2.2.0/gems/web-console-2.2.1/lib/web_console/templates/index.html.erb (88.0ms)


Started GET "/" for ::1 at 2016-01-24 15:03:02 -0800
  [1m[36mActiveRecord::SchemaMigration Load (0.3ms)[0m  [1mSELECT "schema_migrations".* FROM "schema_migrations"[0m
Processing by WelcomeController#index as HTML
  Rendered welcome/index.html.erb within layouts/application (3.8ms)
Completed 200 OK in 552ms (Views: 525.7ms | ActiveRecord: 0.0ms)


Started GET "/waterfalls/new" for ::1 at 2016-01-24 15:03:10 -0800
Processing by WaterfallsController#new as HTML
  Rendered waterfalls/new.html.erb within layouts/application (10.4ms)
Completed 500 Internal Server Error in 19ms (ActiveRecord: 0.0ms)

ActionView::Template::Error (undefined method `errors' for nil:NilClass):
    2: 
    3: <%= form_for :waterfall, url: waterfalls_path do |f| %>
    4: 
    5:   <% if @waterfall.errors.any? %>
    6:     <div id="error_explanation">
    7:       <h2>
    8:         <%= pluralize(@waterfall.errors.count, "error") %> prohibited
  app/views/waterfalls/new.html.erb:5:in `block in _app_views_waterfalls_new_html_erb__923751466__635860556'
  app/views/waterfalls/new.html.erb:3:in `_app_views_waterfalls_new_html_erb__923751466__635860556'


  Rendered /usr/local/lib/ruby/gems/2.2.0/gems/actionpack-4.2.4/lib/action_dispatch/middleware/templates/rescues/_source.erb (34.8ms)
  Rendered /usr/local/lib/ruby/gems/2.2.0/gems/actionpack-4.2.4/lib/action_dispatch/middleware/templates/rescues/_trace.html.erb (8.5ms)
  Rendered /usr/local/lib/ruby/gems/2.2.0/gems/actionpack-4.2.4/lib/action_dispatch/middleware/templates/rescues/_request_and_response.html.erb (2.2ms)
  Rendered /usr/local/lib/ruby/gems/2.2.0/gems/actionpack-4.2.4/lib/action_dispatch/middleware/templates/rescues/template_error.html.erb within rescues/layout (86.2ms)
  Rendered /usr/local/lib/ruby/gems/2.2.0/gems/web-console-2.2.1/lib/web_console/templates/_markup.html.erb (2.2ms)
  Rendered /usr/local/lib/ruby/gems/2.2.0/gems/web-console-2.2.1/lib/web_console/templates/_inner_console_markup.html.erb within layouts/inlined_string (0.7ms)
  Rendered /usr/local/lib/ruby/gems/2.2.0/gems/web-console-2.2.1/lib/web_console/templates/_prompt_box_markup.html.erb within layouts/inlined_string (0.6ms)
  Rendered /usr/local/lib/ruby/gems/2.2.0/gems/web-console-2.2.1/lib/web_console/templates/style.css.erb within layouts/inlined_string (0.7ms)
  Rendered /usr/local/lib/ruby/gems/2.2.0/gems/web-console-2.2.1/lib/web_console/templates/console.js.erb within layouts/javascript (64.0ms)
  Rendered /usr/local/lib/ruby/gems/2.2.0/gems/web-console-2.2.1/lib/web_console/templates/main.js.erb within layouts/javascript (0.7ms)
  Rendered /usr/local/lib/ruby/gems/2.2.0/gems/web-console-2.2.1/lib/web_console/templates/error_page.js.erb within layouts/javascript (1.1ms)
  Rendered /usr/local/lib/ruby/gems/2.2.0/gems/web-console-2.2.1/lib/web_console/templates/index.html.erb (166.0ms)


Started GET "/waterfalls/new" for ::1 at 2016-01-24 15:04:05 -0800
Processing by WaterfallsController#new as HTML
  Rendered waterfalls/new.html.erb within layouts/application (41.8ms)
Completed 200 OK in 111ms (Views: 93.3ms | ActiveRecord: 1.1ms)


Started GET "/assets/waterfalls.self-e3b0c44298fc1c149afbf4c8996fb92427ae41e4649b934ca495991b7852b855.css?body=1" for ::1 at 2016-01-24 15:04:05 -0800


Started GET "/assets/welcome.self-e3b0c44298fc1c149afbf4c8996fb92427ae41e4649b934ca495991b7852b855.css?body=1" for ::1 at 2016-01-24 15:04:06 -0800


Started GET "/assets/jquery_ujs.self-d602bdfe68ffc63b9f9cc512872aa3cfff046228a0a36e90dd476e8ef54c1b09.js?body=1" for ::1 at 2016-01-24 15:04:06 -0800


Started GET "/assets/application.self-e80e8f2318043e8af94dddc2adad5a4f09739a8ebb323b3ab31cd71d45fd9113.css?body=1" for ::1 at 2016-01-24 15:04:06 -0800


Started GET "/assets/jquery.self-c64a74367bda6ef8b860f19e74df08927ca99d2be2ac934e9e92d5fd361e0da4.js?body=1" for ::1 at 2016-01-24 15:04:06 -0800


Started GET "/assets/waterfalls.self-877aef30ae1b040ab8a3aba4e3e309a11d7f2612f44dde450b5c157aa5f95c05.js?body=1" for ::1 at 2016-01-24 15:04:06 -0800


Started GET "/assets/turbolinks.self-c37727e9bd6b2735da5c311aa83fead54ed0be6cc8bd9a65309e9c5abe2cbfff.js?body=1" for ::1 at 2016-01-24 15:04:06 -0800


Started GET "/assets/welcome.self-877aef30ae1b040ab8a3aba4e3e309a11d7f2612f44dde450b5c157aa5f95c05.js?body=1" for ::1 at 2016-01-24 15:04:06 -0800


Started GET "/assets/application.self-3b8dabdc891efe46b9a144b400ad69e37d7e5876bdc39dee783419a69d7ca819.js?body=1" for ::1 at 2016-01-24 15:04:06 -0800


Started POST "/waterfalls" for ::1 at 2016-01-24 15:04:15 -0800
Processing by WaterfallsController#create as HTML
  Parameters: {"utf8"=>"✓", "authenticity_token"=>"7WrVJPRioatFSiJ029ZG3bslXEP0Z2hmTXqvmNvQZBpGGSuF5/ScDaRa/2M/3+tncjyW94m80HCCxSDSe0WuCw==", "waterfall"=>{"title"=>"", "text"=>""}, "commit"=>"Save Waterfall"}
  [1m[35m (0.2ms)[0m  begin transaction
  [1m[36m (0.2ms)[0m  [1mrollback transaction[0m
  Rendered waterfalls/new.html.erb within layouts/application (8.4ms)
Completed 200 OK in 59ms (Views: 45.6ms | ActiveRecord: 0.4ms)


Started GET "/waterfalls" for ::1 at 2016-01-24 15:10:31 -0800
Processing by WaterfallsController#index as HTML
  [1m[35mWaterfall Load (0.7ms)[0m  SELECT "waterfalls".* FROM "waterfalls"
  Rendered waterfalls/index.html.erb within layouts/application (14.8ms)
Completed 200 OK in 57ms (Views: 49.9ms | ActiveRecord: 1.5ms)


Started GET "/waterfalls/1" for ::1 at 2016-01-24 15:10:34 -0800
Processing by WaterfallsController#show as HTML
  Parameters: {"id"=>"1"}
  [1m[36mWaterfall Load (0.5ms)[0m  [1mSELECT  "waterfalls".* FROM "waterfalls" WHERE "waterfalls"."id" = ? LIMIT 1[0m  [["id", 1]]
  Rendered waterfalls/show.html.erb within layouts/application (1.7ms)
Completed 200 OK in 67ms (Views: 42.7ms | ActiveRecord: 0.5ms)


Started GET "/waterfalls" for ::1 at 2016-01-24 15:17:06 -0800
Processing by WaterfallsController#index as HTML
  [1m[35mWaterfall Load (0.6ms)[0m  SELECT "waterfalls".* FROM "waterfalls"
  Rendered waterfalls/index.html.erb within layouts/application (14.8ms)
Completed 200 OK in 56ms (Views: 49.6ms | ActiveRecord: 1.4ms)
  [1m[36mActiveRecord::SchemaMigration Load (0.2ms)[0m  [1mSELECT "schema_migrations".* FROM "schema_migrations"[0m
Migrating to CreateComments (20160124231951)
  [1m[35m (0.2ms)[0m  begin transaction
  [1m[36m (1.1ms)[0m  [1mCREATE TABLE "comments" ("id" INTEGER PRIMARY KEY AUTOINCREMENT NOT NULL, "commenter" varchar, "body" text, "waterfall_id" integer, "created_at" datetime NOT NULL, "updated_at" datetime NOT NULL) [0m
  [1m[35m (0.1ms)[0m  select sqlite_version(*)
  [1m[36m (0.3ms)[0m  [1mCREATE  INDEX "index_comments_on_waterfall_id" ON "comments" ("waterfall_id")[0m
  [1m[35mSQL (0.8ms)[0m  INSERT INTO "schema_migrations" ("version") VALUES (?)  [["version", "20160124231951"]]
  [1m[36m (26.0ms)[0m  [1mcommit transaction[0m
  [1m[35mActiveRecord::SchemaMigration Load (0.3ms)[0m  SELECT "schema_migrations".* FROM "schema_migrations"
  [1m[36m (0.2ms)[0m  [1m            SELECT sql
            FROM sqlite_master
            WHERE name='index_comments_on_waterfall_id' AND type='index'
            UNION ALL
            SELECT sql
            FROM sqlite_temp_master
            WHERE name='index_comments_on_waterfall_id' AND type='index'
[0m


Started GET "/" for ::1 at 2016-01-24 15:35:22 -0800
  [1m[36mActiveRecord::SchemaMigration Load (0.2ms)[0m  [1mSELECT "schema_migrations".* FROM "schema_migrations"[0m
Processing by WelcomeController#index as HTML
  Rendered welcome/index.html.erb within layouts/application (4.4ms)
Completed 200 OK in 922ms (Views: 898.5ms | ActiveRecord: 0.0ms)


Started GET "/assets/comments.self-e3b0c44298fc1c149afbf4c8996fb92427ae41e4649b934ca495991b7852b855.css?body=1" for ::1 at 2016-01-24 15:35:23 -0800


Started GET "/assets/comments.self-877aef30ae1b040ab8a3aba4e3e309a11d7f2612f44dde450b5c157aa5f95c05.js?body=1" for ::1 at 2016-01-24 15:35:23 -0800


Started GET "/waterfalls" for ::1 at 2016-01-24 15:35:25 -0800
Processing by WaterfallsController#index as HTML
  [1m[35mWaterfall Load (0.4ms)[0m  SELECT "waterfalls".* FROM "waterfalls"
  Rendered waterfalls/index.html.erb within layouts/application (14.6ms)
Completed 200 OK in 97ms (Views: 77.1ms | ActiveRecord: 1.1ms)


Started GET "/waterfalls/1/edit" for ::1 at 2016-01-24 15:35:32 -0800
Processing by WaterfallsController#edit as HTML
  Parameters: {"id"=>"1"}
Filter chain halted as #<Proc:0xbb327bc0@/usr/local/lib/ruby/gems/2.2.0/gems/actionpack-4.2.4/lib/action_controller/metal/http_authentication.rb:69> rendered or redirected
Completed 401 Unauthorized in 2ms (ActiveRecord: 0.0ms)


Started GET "/waterfalls/1/edit" for ::1 at 2016-01-24 15:35:41 -0800
Processing by WaterfallsController#edit as HTML
  Parameters: {"id"=>"1"}
  [1m[36mWaterfall Load (0.5ms)[0m  [1mSELECT  "waterfalls".* FROM "waterfalls" WHERE "waterfalls"."id" = ? LIMIT 1[0m  [["id", 1]]
  Rendered waterfalls/_form.html.erb (53.8ms)
  Rendered waterfalls/edit.html.erb within layouts/application (69.8ms)
Completed 200 OK in 186ms (Views: 144.7ms | ActiveRecord: 0.5ms)


Started GET "/waterfalls" for ::1 at 2016-01-24 15:35:49 -0800
Processing by WaterfallsController#index as HTML
  [1m[35mWaterfall Load (0.3ms)[0m  SELECT "waterfalls".* FROM "waterfalls"
  Rendered waterfalls/index.html.erb within layouts/application (9.1ms)
Completed 200 OK in 70ms (Views: 67.0ms | ActiveRecord: 0.3ms)


Started GET "/waterfalls/1" for ::1 at 2016-01-24 15:36:02 -0800
Processing by WaterfallsController#show as HTML
  Parameters: {"id"=>"1"}
  [1m[36mWaterfall Load (0.2ms)[0m  [1mSELECT  "waterfalls".* FROM "waterfalls" WHERE "waterfalls"."id" = ? LIMIT 1[0m  [["id", 1]]
  Rendered waterfalls/show.html.erb within layouts/application (13.1ms)
Completed 500 Internal Server Error in 22ms (ActiveRecord: 0.2ms)

ActionView::Template::Error (undefined method `comments' for nil:NilClass):
     9: </p>
    10: 
    11: <h2>Comments</h2>
    12: <%= render @article.comments %>
    13:  
    14: <h2>Add a comment:</h2>
    15: <%= render 'comments/form' %>
  app/views/waterfalls/show.html.erb:12:in `_app_views_waterfalls_show_html_erb__925902604__635228960'


  Rendered /usr/local/lib/ruby/gems/2.2.0/gems/actionpack-4.2.4/lib/action_dispatch/middleware/templates/rescues/_source.erb (17.4ms)
  Rendered /usr/local/lib/ruby/gems/2.2.0/gems/actionpack-4.2.4/lib/action_dispatch/middleware/templates/rescues/_trace.html.erb (7.7ms)
  Rendered /usr/local/lib/ruby/gems/2.2.0/gems/actionpack-4.2.4/lib/action_dispatch/middleware/templates/rescues/_request_and_response.html.erb (2.3ms)
  Rendered /usr/local/lib/ruby/gems/2.2.0/gems/actionpack-4.2.4/lib/action_dispatch/middleware/templates/rescues/template_error.html.erb within rescues/layout (60.8ms)
  Rendered /usr/local/lib/ruby/gems/2.2.0/gems/web-console-2.2.1/lib/web_console/templates/_markup.html.erb (0.8ms)
  Rendered /usr/local/lib/ruby/gems/2.2.0/gems/web-console-2.2.1/lib/web_console/templates/_inner_console_markup.html.erb within layouts/inlined_string (0.7ms)
  Rendered /usr/local/lib/ruby/gems/2.2.0/gems/web-console-2.2.1/lib/web_console/templates/_prompt_box_markup.html.erb within layouts/inlined_string (0.8ms)
  Rendered /usr/local/lib/ruby/gems/2.2.0/gems/web-console-2.2.1/lib/web_console/templates/style.css.erb within layouts/inlined_string (0.8ms)
  Rendered /usr/local/lib/ruby/gems/2.2.0/gems/web-console-2.2.1/lib/web_console/templates/console.js.erb within layouts/javascript (42.6ms)
  Rendered /usr/local/lib/ruby/gems/2.2.0/gems/web-console-2.2.1/lib/web_console/templates/main.js.erb within layouts/javascript (0.8ms)
  Rendered /usr/local/lib/ruby/gems/2.2.0/gems/web-console-2.2.1/lib/web_console/templates/error_page.js.erb within layouts/javascript (1.1ms)
  Rendered /usr/local/lib/ruby/gems/2.2.0/gems/web-console-2.2.1/lib/web_console/templates/index.html.erb (86.4ms)


Started GET "/waterfalls/1" for ::1 at 2016-01-24 15:36:02 -0800
Processing by WaterfallsController#show as HTML
  Parameters: {"id"=>"1"}
  [1m[35mWaterfall Load (0.4ms)[0m  SELECT  "waterfalls".* FROM "waterfalls" WHERE "waterfalls"."id" = ? LIMIT 1  [["id", 1]]
  Rendered waterfalls/show.html.erb within layouts/application (5.2ms)
Completed 500 Internal Server Error in 13ms (ActiveRecord: 0.4ms)

ActionView::Template::Error (undefined method `comments' for nil:NilClass):
     9: </p>
    10: 
    11: <h2>Comments</h2>
    12: <%= render @article.comments %>
    13:  
    14: <h2>Add a comment:</h2>
    15: <%= render 'comments/form' %>
  app/views/waterfalls/show.html.erb:12:in `_app_views_waterfalls_show_html_erb__925902604__631742888'


  Rendered /usr/local/lib/ruby/gems/2.2.0/gems/actionpack-4.2.4/lib/action_dispatch/middleware/templates/rescues/_source.erb (18.6ms)
  Rendered /usr/local/lib/ruby/gems/2.2.0/gems/actionpack-4.2.4/lib/action_dispatch/middleware/templates/rescues/_trace.html.erb (7.6ms)
  Rendered /usr/local/lib/ruby/gems/2.2.0/gems/actionpack-4.2.4/lib/action_dispatch/middleware/templates/rescues/_request_and_response.html.erb (2.4ms)
  Rendered /usr/local/lib/ruby/gems/2.2.0/gems/actionpack-4.2.4/lib/action_dispatch/middleware/templates/rescues/template_error.html.erb within rescues/layout (65.4ms)
  Rendered /usr/local/lib/ruby/gems/2.2.0/gems/web-console-2.2.1/lib/web_console/templates/_markup.html.erb (0.8ms)
  Rendered /usr/local/lib/ruby/gems/2.2.0/gems/web-console-2.2.1/lib/web_console/templates/_inner_console_markup.html.erb within layouts/inlined_string (0.8ms)
  Rendered /usr/local/lib/ruby/gems/2.2.0/gems/web-console-2.2.1/lib/web_console/templates/_prompt_box_markup.html.erb within layouts/inlined_string (0.7ms)
  Rendered /usr/local/lib/ruby/gems/2.2.0/gems/web-console-2.2.1/lib/web_console/templates/style.css.erb within layouts/inlined_string (0.9ms)
  Rendered /usr/local/lib/ruby/gems/2.2.0/gems/web-console-2.2.1/lib/web_console/templates/console.js.erb within layouts/javascript (43.4ms)
  Rendered /usr/local/lib/ruby/gems/2.2.0/gems/web-console-2.2.1/lib/web_console/templates/main.js.erb within layouts/javascript (0.7ms)
  Rendered /usr/local/lib/ruby/gems/2.2.0/gems/web-console-2.2.1/lib/web_console/templates/error_page.js.erb within layouts/javascript (0.8ms)
  Rendered /usr/local/lib/ruby/gems/2.2.0/gems/web-console-2.2.1/lib/web_console/templates/index.html.erb (90.2ms)


Started GET "/waterfalls/1" for ::1 at 2016-01-24 15:36:19 -0800
Processing by WaterfallsController#show as HTML
  Parameters: {"id"=>"1"}
  [1m[36mWaterfall Load (0.2ms)[0m  [1mSELECT  "waterfalls".* FROM "waterfalls" WHERE "waterfalls"."id" = ? LIMIT 1[0m  [["id", 1]]
  [1m[35mComment Load (0.4ms)[0m  SELECT "comments".* FROM "comments" WHERE "comments"."waterfall_id" = ?  [["waterfall_id", 1]]
  Rendered collection (0.0ms)
  Rendered comments/_form.html.erb (33.5ms)
  Rendered waterfalls/show.html.erb within layouts/application (96.9ms)
Completed 200 OK in 169ms (Views: 165.6ms | ActiveRecord: 1.1ms)


Started GET "/assets/comments.self-e3b0c44298fc1c149afbf4c8996fb92427ae41e4649b934ca495991b7852b855.css?body=1" for ::1 at 2016-01-24 15:36:20 -0800


Started GET "/assets/waterfalls.self-e3b0c44298fc1c149afbf4c8996fb92427ae41e4649b934ca495991b7852b855.css?body=1" for ::1 at 2016-01-24 15:36:20 -0800


Started GET "/assets/welcome.self-e3b0c44298fc1c149afbf4c8996fb92427ae41e4649b934ca495991b7852b855.css?body=1" for ::1 at 2016-01-24 15:36:20 -0800


Started GET "/assets/jquery.self-c64a74367bda6ef8b860f19e74df08927ca99d2be2ac934e9e92d5fd361e0da4.js?body=1" for ::1 at 2016-01-24 15:36:20 -0800


Started GET "/assets/application.self-e80e8f2318043e8af94dddc2adad5a4f09739a8ebb323b3ab31cd71d45fd9113.css?body=1" for ::1 at 2016-01-24 15:36:20 -0800


Started GET "/assets/jquery_ujs.self-d602bdfe68ffc63b9f9cc512872aa3cfff046228a0a36e90dd476e8ef54c1b09.js?body=1" for ::1 at 2016-01-24 15:36:20 -0800


Started GET "/assets/comments.self-877aef30ae1b040ab8a3aba4e3e309a11d7f2612f44dde450b5c157aa5f95c05.js?body=1" for ::1 at 2016-01-24 15:36:20 -0800


Started GET "/assets/turbolinks.self-c37727e9bd6b2735da5c311aa83fead54ed0be6cc8bd9a65309e9c5abe2cbfff.js?body=1" for ::1 at 2016-01-24 15:36:20 -0800


Started GET "/assets/waterfalls.self-877aef30ae1b040ab8a3aba4e3e309a11d7f2612f44dde450b5c157aa5f95c05.js?body=1" for ::1 at 2016-01-24 15:36:20 -0800


Started GET "/assets/welcome.self-877aef30ae1b040ab8a3aba4e3e309a11d7f2612f44dde450b5c157aa5f95c05.js?body=1" for ::1 at 2016-01-24 15:36:20 -0800


Started GET "/assets/application.self-3b8dabdc891efe46b9a144b400ad69e37d7e5876bdc39dee783419a69d7ca819.js?body=1" for ::1 at 2016-01-24 15:36:20 -0800


Started POST "/waterfalls/1/comments" for ::1 at 2016-01-24 15:36:32 -0800
Processing by CommentsController#create as HTML
  Parameters: {"utf8"=>"✓", "authenticity_token"=>"dig72S61neTA2GA5w76s6VQ87THMqyu8c8tZreBo4rfdW8V4PSOgQiHIvS4ntwFTnSUnhbFwk6q8dNbnQP0opg==", "comment"=>{"commenter"=>"Adam Bodie", "body"=>"Multnomah Falls is awesome!"}, "commit"=>"Create Comment", "waterfall_id"=>"1"}
  [1m[36mWaterfall Load (0.2ms)[0m  [1mSELECT  "waterfalls".* FROM "waterfalls" WHERE "waterfalls"."id" = ? LIMIT 1[0m  [["id", 1]]
  [1m[35m (0.2ms)[0m  begin transaction
  [1m[36mSQL (1.9ms)[0m  [1mINSERT INTO "comments" ("commenter", "body", "waterfall_id", "created_at", "updated_at") VALUES (?, ?, ?, ?, ?)[0m  [["commenter", "Adam Bodie"], ["body", "Multnomah Falls is awesome!"], ["waterfall_id", 1], ["created_at", "2016-01-24 23:36:32.924625"], ["updated_at", "2016-01-24 23:36:32.924625"]]
  [1m[35m (31.1ms)[0m  commit transaction
Redirected to http://localhost:3000/waterfalls/1
Completed 302 Found in 46ms (ActiveRecord: 33.3ms)


Started GET "/waterfalls/1" for ::1 at 2016-01-24 15:36:32 -0800
Processing by WaterfallsController#show as HTML
  Parameters: {"id"=>"1"}
  [1m[36mWaterfall Load (0.4ms)[0m  [1mSELECT  "waterfalls".* FROM "waterfalls" WHERE "waterfalls"."id" = ? LIMIT 1[0m  [["id", 1]]
  [1m[35mComment Load (0.2ms)[0m  SELECT "comments".* FROM "comments" WHERE "comments"."waterfall_id" = ?  [["waterfall_id", 1]]
  Rendered comments/_comment.html.erb (2.4ms)
  Rendered comments/_form.html.erb (4.1ms)
  Rendered waterfalls/show.html.erb within layouts/application (14.6ms)
Completed 200 OK in 58ms (Views: 54.5ms | ActiveRecord: 0.6ms)


Started GET "/waterfalls" for ::1 at 2016-01-24 15:36:41 -0800
Processing by WaterfallsController#index as HTML
  [1m[36mWaterfall Load (0.3ms)[0m  [1mSELECT "waterfalls".* FROM "waterfalls"[0m
  Rendered waterfalls/index.html.erb within layouts/application (3.1ms)
Completed 200 OK in 64ms (Views: 62.4ms | ActiveRecord: 0.3ms)


Started DELETE "/waterfalls/1" for ::1 at 2016-01-24 15:37:17 -0800
Processing by WaterfallsController#destroy as HTML
  Parameters: {"authenticity_token"=>"T78I1RprVebIIhQwzgVP4GGpz/JgYFMW1BcGFr2zbNLkzPZ0Cf1oQCkyyScqDOJaqLAFRh276wAbqIlcHSamww==", "id"=>"1"}
Filter chain halted as #<Proc:0xbb327bc0@/usr/local/lib/ruby/gems/2.2.0/gems/actionpack-4.2.4/lib/action_controller/metal/http_authentication.rb:69> rendered or redirected
Completed 401 Unauthorized in 2ms (ActiveRecord: 0.0ms)


Started DELETE "/waterfalls/1" for ::1 at 2016-01-24 15:37:18 -0800
Processing by WaterfallsController#destroy as HTML
  Parameters: {"authenticity_token"=>"T78I1RprVebIIhQwzgVP4GGpz/JgYFMW1BcGFr2zbNLkzPZ0Cf1oQCkyyScqDOJaqLAFRh276wAbqIlcHSamww==", "id"=>"1"}
  [1m[35mWaterfall Load (0.2ms)[0m  SELECT  "waterfalls".* FROM "waterfalls" WHERE "waterfalls"."id" = ? LIMIT 1  [["id", 1]]
  [1m[36m (0.1ms)[0m  [1mbegin transaction[0m
  [1m[35mComment Load (0.2ms)[0m  SELECT "comments".* FROM "comments" WHERE "comments"."waterfall_id" = ?  [["waterfall_id", 1]]
  [1m[36mSQL (1.5ms)[0m  [1mDELETE FROM "comments" WHERE "comments"."id" = ?[0m  [["id", 1]]
  [1m[35mSQL (0.6ms)[0m  DELETE FROM "waterfalls" WHERE "waterfalls"."id" = ?  [["id", 1]]
  [1m[36m (42.3ms)[0m  [1mcommit transaction[0m
Redirected to http://localhost:3000/waterfalls
Completed 302 Found in 56ms (ActiveRecord: 44.9ms)


Started GET "/waterfalls" for ::1 at 2016-01-24 15:37:18 -0800
Processing by WaterfallsController#index as HTML
  [1m[35mWaterfall Load (0.6ms)[0m  SELECT "waterfalls".* FROM "waterfalls"
  Rendered waterfalls/index.html.erb within layouts/application (3.9ms)
Completed 200 OK in 71ms (Views: 53.0ms | ActiveRecord: 0.6ms)


Started GET "/" for ::1 at 2016-01-24 15:37:29 -0800
Processing by WelcomeController#index as HTML
  Rendered welcome/index.html.erb within layouts/application (0.8ms)
Completed 200 OK in 114ms (Views: 111.9ms | ActiveRecord: 0.0ms)


Started GET "/waterfalls/new" for ::1 at 2016-01-24 15:37:34 -0800
Processing by WaterfallsController#new as HTML
  Rendered waterfalls/_form.html.erb (10.8ms)
  Rendered waterfalls/new.html.erb within layouts/application (14.3ms)
Completed 200 OK in 70ms (Views: 65.3ms | ActiveRecord: 0.0ms)


Started POST "/waterfalls" for ::1 at 2016-01-24 15:37:50 -0800
Processing by WaterfallsController#create as HTML
  Parameters: {"utf8"=>"✓", "authenticity_token"=>"GByIsu4emh9wZxtWebPvbWsMG6dVcjl9tHI7clY65l6zb3YT/YinuZF3xkGdukLXohXREyipgWt7zbQ49q8sTw==", "waterfall"=>{"title"=>"Multnomah Falls", "text"=>"Multnomah Falls is awesome!!!"}, "commit"=>"Save Waterfall"}
Filter chain halted as #<Proc:0xbb327bc0@/usr/local/lib/ruby/gems/2.2.0/gems/actionpack-4.2.4/lib/action_controller/metal/http_authentication.rb:69> rendered or redirected
Completed 401 Unauthorized in 2ms (ActiveRecord: 0.0ms)


Started POST "/waterfalls" for ::1 at 2016-01-24 15:37:50 -0800
Processing by WaterfallsController#create as HTML
  Parameters: {"utf8"=>"✓", "authenticity_token"=>"GByIsu4emh9wZxtWebPvbWsMG6dVcjl9tHI7clY65l6zb3YT/YinuZF3xkGdukLXohXREyipgWt7zbQ49q8sTw==", "waterfall"=>{"title"=>"Multnomah Falls", "text"=>"Multnomah Falls is awesome!!!"}, "commit"=>"Save Waterfall"}
  [1m[36m (0.2ms)[0m  [1mbegin transaction[0m
  [1m[35mSQL (1.4ms)[0m  INSERT INTO "waterfalls" ("title", "text", "created_at", "updated_at") VALUES (?, ?, ?, ?)  [["title", "Multnomah Falls"], ["text", "Multnomah Falls is awesome!!!"], ["created_at", "2016-01-24 23:37:50.698021"], ["updated_at", "2016-01-24 23:37:50.698021"]]
  [1m[36m (27.4ms)[0m  [1mcommit transaction[0m
Redirected to http://localhost:3000/waterfalls/2
Completed 302 Found in 39ms (ActiveRecord: 29.0ms)


Started GET "/waterfalls/2" for ::1 at 2016-01-24 15:37:50 -0800
Processing by WaterfallsController#show as HTML
  Parameters: {"id"=>"2"}
  [1m[35mWaterfall Load (0.3ms)[0m  SELECT  "waterfalls".* FROM "waterfalls" WHERE "waterfalls"."id" = ? LIMIT 1  [["id", 2]]
  [1m[36mComment Load (0.2ms)[0m  [1mSELECT "comments".* FROM "comments" WHERE "comments"."waterfall_id" = ?[0m  [["waterfall_id", 2]]
  Rendered collection (0.0ms)
  Rendered comments/_form.html.erb (5.9ms)
  Rendered waterfalls/show.html.erb within layouts/application (10.9ms)
Completed 200 OK in 64ms (Views: 61.1ms | ActiveRecord: 0.5ms)


Started GET "/waterfalls/2/edit" for ::1 at 2016-01-24 15:37:54 -0800
Processing by WaterfallsController#edit as HTML
  Parameters: {"id"=>"2"}
  [1m[35mWaterfall Load (0.3ms)[0m  SELECT  "waterfalls".* FROM "waterfalls" WHERE "waterfalls"."id" = ? LIMIT 1  [["id", 2]]
  Rendered waterfalls/_form.html.erb (3.7ms)
  Rendered waterfalls/edit.html.erb within layouts/application (5.7ms)
Completed 200 OK in 51ms (Views: 46.5ms | ActiveRecord: 0.3ms)


Started GET "/waterfalls" for ::1 at 2016-01-24 15:37:55 -0800
Processing by WaterfallsController#index as HTML
  [1m[36mWaterfall Load (0.4ms)[0m  [1mSELECT "waterfalls".* FROM "waterfalls"[0m
  Rendered waterfalls/index.html.erb within layouts/application (3.2ms)
Completed 200 OK in 52ms (Views: 50.3ms | ActiveRecord: 0.4ms)


Started GET "/waterfalls/2/edit" for ::1 at 2016-01-24 15:37:57 -0800
Processing by WaterfallsController#edit as HTML
  Parameters: {"id"=>"2"}
  [1m[35mWaterfall Load (0.2ms)[0m  SELECT  "waterfalls".* FROM "waterfalls" WHERE "waterfalls"."id" = ? LIMIT 1  [["id", 2]]
  Rendered waterfalls/_form.html.erb (2.7ms)
  Rendered waterfalls/edit.html.erb within layouts/application (4.6ms)
Completed 200 OK in 65ms (Views: 62.8ms | ActiveRecord: 0.2ms)


Started GET "/waterfalls" for ::1 at 2016-01-24 15:37:59 -0800
Processing by WaterfallsController#index as HTML
  [1m[36mWaterfall Load (0.5ms)[0m  [1mSELECT "waterfalls".* FROM "waterfalls"[0m
  Rendered waterfalls/index.html.erb within layouts/application (3.5ms)
Completed 200 OK in 51ms (Views: 47.8ms | ActiveRecord: 0.5ms)


Started GET "/waterfalls/2" for ::1 at 2016-01-24 15:38:01 -0800
Processing by WaterfallsController#show as HTML
  Parameters: {"id"=>"2"}
  [1m[35mWaterfall Load (0.2ms)[0m  SELECT  "waterfalls".* FROM "waterfalls" WHERE "waterfalls"."id" = ? LIMIT 1  [["id", 2]]
  [1m[36mComment Load (0.2ms)[0m  [1mSELECT "comments".* FROM "comments" WHERE "comments"."waterfall_id" = ?[0m  [["waterfall_id", 2]]
  Rendered collection (0.0ms)
  Rendered comments/_form.html.erb (5.5ms)
  Rendered waterfalls/show.html.erb within layouts/application (12.4ms)
Completed 200 OK in 68ms (Views: 65.6ms | ActiveRecord: 0.4ms)


Started GET "/waterfalls" for ::1 at 2016-01-24 15:38:05 -0800
Processing by WaterfallsController#index as HTML
  [1m[35mWaterfall Load (0.3ms)[0m  SELECT "waterfalls".* FROM "waterfalls"
  Rendered waterfalls/index.html.erb within layouts/application (2.2ms)
Completed 200 OK in 45ms (Views: 43.2ms | ActiveRecord: 0.3ms)


Started GET "/waterfalls/2/edit" for ::1 at 2016-01-24 15:38:12 -0800
Processing by WaterfallsController#edit as HTML
  Parameters: {"id"=>"2"}
  [1m[36mWaterfall Load (0.2ms)[0m  [1mSELECT  "waterfalls".* FROM "waterfalls" WHERE "waterfalls"."id" = ? LIMIT 1[0m  [["id", 2]]
  Rendered waterfalls/_form.html.erb (3.3ms)
  Rendered waterfalls/edit.html.erb within layouts/application (5.3ms)
Completed 200 OK in 56ms (Views: 51.8ms | ActiveRecord: 0.2ms)


Started GET "/waterfalls" for ::1 at 2016-01-24 15:38:14 -0800
Processing by WaterfallsController#index as HTML
  [1m[35mWaterfall Load (0.5ms)[0m  SELECT "waterfalls".* FROM "waterfalls"
  Rendered waterfalls/index.html.erb within layouts/application (2.8ms)
Completed 200 OK in 51ms (Views: 47.9ms | ActiveRecord: 0.5ms)


Started GET "/" for ::1 at 2016-01-24 15:38:16 -0800
Processing by WelcomeController#index as HTML
  Rendered welcome/index.html.erb within layouts/application (0.7ms)
Completed 200 OK in 58ms (Views: 55.1ms | ActiveRecord: 0.0ms)


Started GET "/waterfalls" for ::1 at 2016-01-24 15:38:17 -0800
Processing by WaterfallsController#index as HTML
  [1m[36mWaterfall Load (0.3ms)[0m  [1mSELECT "waterfalls".* FROM "waterfalls"[0m
  Rendered waterfalls/index.html.erb within layouts/application (2.1ms)
Completed 200 OK in 44ms (Views: 42.3ms | ActiveRecord: 0.3ms)


Started GET "/waterfalls/2/edit" for ::1 at 2016-01-24 15:38:19 -0800
Processing by WaterfallsController#edit as HTML
  Parameters: {"id"=>"2"}
  [1m[35mWaterfall Load (0.3ms)[0m  SELECT  "waterfalls".* FROM "waterfalls" WHERE "waterfalls"."id" = ? LIMIT 1  [["id", 2]]
  Rendered waterfalls/_form.html.erb (3.5ms)
  Rendered waterfalls/edit.html.erb within layouts/application (5.7ms)
Completed 200 OK in 51ms (Views: 47.3ms | ActiveRecord: 0.3ms)


Started GET "/waterfalls" for ::1 at 2016-01-24 15:38:21 -0800
Processing by WaterfallsController#index as HTML
  [1m[36mWaterfall Load (0.3ms)[0m  [1mSELECT "waterfalls".* FROM "waterfalls"[0m
  Rendered waterfalls/index.html.erb within layouts/application (2.5ms)
Completed 200 OK in 63ms (Views: 61.7ms | ActiveRecord: 0.3ms)


Started GET "/" for ::1 at 2016-01-24 15:38:48 -0800
  [1m[36mActiveRecord::SchemaMigration Load (0.3ms)[0m  [1mSELECT "schema_migrations".* FROM "schema_migrations"[0m
Processing by WelcomeController#index as HTML
  Rendered welcome/index.html.erb within layouts/application (5.2ms)
Completed 200 OK in 570ms (Views: 541.0ms | ActiveRecord: 0.0ms)


Started GET "/assets/comments.self-e3b0c44298fc1c149afbf4c8996fb92427ae41e4649b934ca495991b7852b855.css?body=1" for ::1 at 2016-01-24 15:38:49 -0800


Started GET "/assets/waterfalls.self-e3b0c44298fc1c149afbf4c8996fb92427ae41e4649b934ca495991b7852b855.css?body=1" for ::1 at 2016-01-24 15:38:49 -0800


Started GET "/assets/application.self-e80e8f2318043e8af94dddc2adad5a4f09739a8ebb323b3ab31cd71d45fd9113.css?body=1" for ::1 at 2016-01-24 15:38:49 -0800


Started GET "/assets/welcome.self-e3b0c44298fc1c149afbf4c8996fb92427ae41e4649b934ca495991b7852b855.css?body=1" for ::1 at 2016-01-24 15:38:49 -0800


Started GET "/assets/turbolinks.self-c37727e9bd6b2735da5c311aa83fead54ed0be6cc8bd9a65309e9c5abe2cbfff.js?body=1" for ::1 at 2016-01-24 15:38:49 -0800


Started GET "/assets/comments.self-877aef30ae1b040ab8a3aba4e3e309a11d7f2612f44dde450b5c157aa5f95c05.js?body=1" for ::1 at 2016-01-24 15:38:49 -0800


Started GET "/assets/jquery.self-c64a74367bda6ef8b860f19e74df08927ca99d2be2ac934e9e92d5fd361e0da4.js?body=1" for ::1 at 2016-01-24 15:38:49 -0800


Started GET "/assets/jquery_ujs.self-d602bdfe68ffc63b9f9cc512872aa3cfff046228a0a36e90dd476e8ef54c1b09.js?body=1" for ::1 at 2016-01-24 15:38:49 -0800


Started GET "/assets/waterfalls.self-877aef30ae1b040ab8a3aba4e3e309a11d7f2612f44dde450b5c157aa5f95c05.js?body=1" for ::1 at 2016-01-24 15:38:49 -0800


Started GET "/assets/welcome.self-877aef30ae1b040ab8a3aba4e3e309a11d7f2612f44dde450b5c157aa5f95c05.js?body=1" for ::1 at 2016-01-24 15:38:49 -0800


Started GET "/assets/application.self-3b8dabdc891efe46b9a144b400ad69e37d7e5876bdc39dee783419a69d7ca819.js?body=1" for ::1 at 2016-01-24 15:38:49 -0800


Started GET "/waterfalls" for ::1 at 2016-01-24 15:38:52 -0800
Processing by WaterfallsController#index as HTML
  [1m[35mWaterfall Load (0.4ms)[0m  SELECT "waterfalls".* FROM "waterfalls"
  Rendered waterfalls/index.html.erb within layouts/application (15.0ms)
Completed 200 OK in 71ms (Views: 58.2ms | ActiveRecord: 1.4ms)


Started GET "/waterfalls/2/edit" for ::1 at 2016-01-24 15:38:54 -0800
Processing by WaterfallsController#edit as HTML
  Parameters: {"id"=>"2"}
  [1m[36mWaterfall Load (0.4ms)[0m  [1mSELECT  "waterfalls".* FROM "waterfalls" WHERE "waterfalls"."id" = ? LIMIT 1[0m  [["id", 2]]
  Rendered waterfalls/_form.html.erb (52.4ms)
  Rendered waterfalls/edit.html.erb within layouts/application (61.8ms)
Completed 200 OK in 160ms (Views: 139.4ms | ActiveRecord: 0.4ms)


Started GET "/waterfalls" for ::1 at 2016-01-24 15:38:57 -0800
Processing by WaterfallsController#index as HTML
  [1m[35mWaterfall Load (2.1ms)[0m  SELECT "waterfalls".* FROM "waterfalls"
  Rendered waterfalls/index.html.erb within layouts/application (4.0ms)
Completed 200 OK in 66ms (Views: 62.5ms | ActiveRecord: 2.1ms)


Started GET "/waterfalls" for ::1 at 2016-01-24 15:39:57 -0800
Processing by WaterfallsController#index as HTML
  [1m[36mWaterfall Load (0.6ms)[0m  [1mSELECT "waterfalls".* FROM "waterfalls"[0m
  Rendered waterfalls/index.html.erb within layouts/application (15.2ms)
Completed 200 OK in 79ms (Views: 70.6ms | ActiveRecord: 1.3ms)


Started GET "/assets/comments.self-e3b0c44298fc1c149afbf4c8996fb92427ae41e4649b934ca495991b7852b855.css?body=1" for ::1 at 2016-01-24 15:39:57 -0800


Started GET "/assets/welcome.self-e3b0c44298fc1c149afbf4c8996fb92427ae41e4649b934ca495991b7852b855.css?body=1" for ::1 at 2016-01-24 15:39:57 -0800


Started GET "/assets/waterfalls.self-e3b0c44298fc1c149afbf4c8996fb92427ae41e4649b934ca495991b7852b855.css?body=1" for ::1 at 2016-01-24 15:39:58 -0800


Started GET "/assets/application.self-e80e8f2318043e8af94dddc2adad5a4f09739a8ebb323b3ab31cd71d45fd9113.css?body=1" for ::1 at 2016-01-24 15:39:58 -0800


Started GET "/assets/jquery.self-c64a74367bda6ef8b860f19e74df08927ca99d2be2ac934e9e92d5fd361e0da4.js?body=1" for ::1 at 2016-01-24 15:39:58 -0800


Started GET "/assets/jquery_ujs.self-d602bdfe68ffc63b9f9cc512872aa3cfff046228a0a36e90dd476e8ef54c1b09.js?body=1" for ::1 at 2016-01-24 15:39:58 -0800


Started GET "/assets/turbolinks.self-c37727e9bd6b2735da5c311aa83fead54ed0be6cc8bd9a65309e9c5abe2cbfff.js?body=1" for ::1 at 2016-01-24 15:39:58 -0800


Started GET "/assets/comments.self-877aef30ae1b040ab8a3aba4e3e309a11d7f2612f44dde450b5c157aa5f95c05.js?body=1" for ::1 at 2016-01-24 15:39:58 -0800


Started GET "/assets/waterfalls.self-877aef30ae1b040ab8a3aba4e3e309a11d7f2612f44dde450b5c157aa5f95c05.js?body=1" for ::1 at 2016-01-24 15:39:58 -0800


Started GET "/assets/welcome.self-877aef30ae1b040ab8a3aba4e3e309a11d7f2612f44dde450b5c157aa5f95c05.js?body=1" for ::1 at 2016-01-24 15:39:58 -0800


Started GET "/assets/application.self-3b8dabdc891efe46b9a144b400ad69e37d7e5876bdc39dee783419a69d7ca819.js?body=1" for ::1 at 2016-01-24 15:39:58 -0800


Started GET "/waterfalls/2/edit" for ::1 at 2016-01-24 15:40:00 -0800
Processing by WaterfallsController#edit as HTML
  Parameters: {"id"=>"2"}
  [1m[35mWaterfall Load (0.6ms)[0m  SELECT  "waterfalls".* FROM "waterfalls" WHERE "waterfalls"."id" = ? LIMIT 1  [["id", 2]]
  Rendered waterfalls/_form.html.erb (4.9ms)
  Rendered waterfalls/edit.html.erb within layouts/application (7.2ms)
Completed 200 OK in 80ms (Views: 50.7ms | ActiveRecord: 0.6ms)


Started GET "/waterfalls" for ::1 at 2016-01-24 15:40:01 -0800
Processing by WaterfallsController#index as HTML
  [1m[36mWaterfall Load (0.5ms)[0m  [1mSELECT "waterfalls".* FROM "waterfalls"[0m
  Rendered waterfalls/index.html.erb within layouts/application (2.5ms)
Completed 200 OK in 46ms (Views: 44.1ms | ActiveRecord: 0.5ms)


Started GET "/waterfalls/2/edit" for ::1 at 2016-01-24 15:40:06 -0800
Processing by WaterfallsController#edit as HTML
  Parameters: {"id"=>"2"}
  [1m[35mWaterfall Load (0.2ms)[0m  SELECT  "waterfalls".* FROM "waterfalls" WHERE "waterfalls"."id" = ? LIMIT 1  [["id", 2]]
  Rendered waterfalls/_form.html.erb (3.3ms)
  Rendered waterfalls/edit.html.erb within layouts/application (5.7ms)
Completed 200 OK in 47ms (Views: 44.5ms | ActiveRecord: 0.2ms)


Started GET "/waterfalls" for ::1 at 2016-01-24 15:40:08 -0800
Processing by WaterfallsController#index as HTML
  [1m[36mWaterfall Load (0.4ms)[0m  [1mSELECT "waterfalls".* FROM "waterfalls"[0m
  Rendered waterfalls/index.html.erb within layouts/application (3.3ms)
Completed 200 OK in 51ms (Views: 48.8ms | ActiveRecord: 0.4ms)


Started GET "/waterfalls/2" for ::1 at 2016-01-24 15:40:14 -0800
Processing by WaterfallsController#show as HTML
  Parameters: {"id"=>"2"}
  [1m[35mWaterfall Load (0.2ms)[0m  SELECT  "waterfalls".* FROM "waterfalls" WHERE "waterfalls"."id" = ? LIMIT 1  [["id", 2]]
  [1m[36mComment Load (0.3ms)[0m  [1mSELECT "comments".* FROM "comments" WHERE "comments"."waterfall_id" = ?[0m  [["waterfall_id", 2]]
  Rendered collection (0.0ms)
  Rendered comments/_form.html.erb (25.2ms)
  Rendered waterfalls/show.html.erb within layouts/application (67.6ms)
Completed 200 OK in 111ms (Views: 107.1ms | ActiveRecord: 1.1ms)


Started GET "/waterfalls/2" for ::1 at 2016-01-24 15:41:08 -0800
Processing by WaterfallsController#show as HTML
  Parameters: {"id"=>"2"}
  [1m[35mWaterfall Load (0.3ms)[0m  SELECT  "waterfalls".* FROM "waterfalls" WHERE "waterfalls"."id" = ? LIMIT 1  [["id", 2]]
  [1m[36mComment Load (0.3ms)[0m  [1mSELECT "comments".* FROM "comments" WHERE "comments"."waterfall_id" = ?[0m  [["waterfall_id", 2]]
  Rendered collection (0.0ms)
  Rendered comments/_form.html.erb (6.5ms)
  Rendered waterfalls/show.html.erb within layouts/application (12.9ms)
Completed 200 OK in 59ms (Views: 56.2ms | ActiveRecord: 0.5ms)


Started GET "/assets/comments.self-e3b0c44298fc1c149afbf4c8996fb92427ae41e4649b934ca495991b7852b855.css?body=1" for ::1 at 2016-01-24 15:41:09 -0800


Started GET "/assets/welcome.self-e3b0c44298fc1c149afbf4c8996fb92427ae41e4649b934ca495991b7852b855.css?body=1" for ::1 at 2016-01-24 15:41:09 -0800


Started GET "/assets/waterfalls.self-e3b0c44298fc1c149afbf4c8996fb92427ae41e4649b934ca495991b7852b855.css?body=1" for ::1 at 2016-01-24 15:41:09 -0800


Started GET "/assets/application.self-e80e8f2318043e8af94dddc2adad5a4f09739a8ebb323b3ab31cd71d45fd9113.css?body=1" for ::1 at 2016-01-24 15:41:09 -0800


Started GET "/assets/jquery.self-c64a74367bda6ef8b860f19e74df08927ca99d2be2ac934e9e92d5fd361e0da4.js?body=1" for ::1 at 2016-01-24 15:41:09 -0800


Started GET "/assets/jquery_ujs.self-d602bdfe68ffc63b9f9cc512872aa3cfff046228a0a36e90dd476e8ef54c1b09.js?body=1" for ::1 at 2016-01-24 15:41:09 -0800


Started GET "/assets/turbolinks.self-c37727e9bd6b2735da5c311aa83fead54ed0be6cc8bd9a65309e9c5abe2cbfff.js?body=1" for ::1 at 2016-01-24 15:41:09 -0800


Started GET "/assets/comments.self-877aef30ae1b040ab8a3aba4e3e309a11d7f2612f44dde450b5c157aa5f95c05.js?body=1" for ::1 at 2016-01-24 15:41:09 -0800


Started GET "/assets/waterfalls.self-877aef30ae1b040ab8a3aba4e3e309a11d7f2612f44dde450b5c157aa5f95c05.js?body=1" for ::1 at 2016-01-24 15:41:09 -0800


Started GET "/assets/welcome.self-877aef30ae1b040ab8a3aba4e3e309a11d7f2612f44dde450b5c157aa5f95c05.js?body=1" for ::1 at 2016-01-24 15:41:09 -0800


Started GET "/assets/application.self-3b8dabdc891efe46b9a144b400ad69e37d7e5876bdc39dee783419a69d7ca819.js?body=1" for ::1 at 2016-01-24 15:41:09 -0800


Started POST "/waterfalls/2/comments" for ::1 at 2016-01-24 15:41:22 -0800
Processing by CommentsController#create as HTML
  Parameters: {"utf8"=>"✓", "authenticity_token"=>"lCNaD37xFVG81zYPMnn/azV0gnlUUmGnAvEoQblmReM/UKSubWco913H6xjWcFLR/G1IzSmJ2bHNTqcLGfOP8g==", "comment"=>{"commenter"=>"Adam Bodie", "body"=>"I agree!!!"}, "commit"=>"Create Comment", "waterfall_id"=>"2"}
  [1m[35mWaterfall Load (0.3ms)[0m  SELECT  "waterfalls".* FROM "waterfalls" WHERE "waterfalls"."id" = ? LIMIT 1  [["id", 2]]
  [1m[36m (0.3ms)[0m  [1mbegin transaction[0m
  [1m[35mSQL (1.6ms)[0m  INSERT INTO "comments" ("commenter", "body", "waterfall_id", "created_at", "updated_at") VALUES (?, ?, ?, ?, ?)  [["commenter", "Adam Bodie"], ["body", "I agree!!!"], ["waterfall_id", 2], ["created_at", "2016-01-24 23:41:22.720983"], ["updated_at", "2016-01-24 23:41:22.720983"]]
  [1m[36m (63.0ms)[0m  [1mcommit transaction[0m
Redirected to http://localhost:3000/waterfalls/2
Completed 302 Found in 77ms (ActiveRecord: 65.1ms)


Started GET "/waterfalls/2" for ::1 at 2016-01-24 15:41:22 -0800
Processing by WaterfallsController#show as HTML
  Parameters: {"id"=>"2"}
  [1m[35mWaterfall Load (0.3ms)[0m  SELECT  "waterfalls".* FROM "waterfalls" WHERE "waterfalls"."id" = ? LIMIT 1  [["id", 2]]
  [1m[36mComment Load (0.2ms)[0m  [1mSELECT "comments".* FROM "comments" WHERE "comments"."waterfall_id" = ?[0m  [["waterfall_id", 2]]
  Rendered comments/_comment.html.erb (2.6ms)
  Rendered comments/_form.html.erb (4.9ms)
  Rendered waterfalls/show.html.erb within layouts/application (15.0ms)
Completed 200 OK in 63ms (Views: 60.3ms | ActiveRecord: 0.6ms)


Started GET "/waterfalls/2" for ::1 at 2016-01-24 15:41:52 -0800
Processing by WaterfallsController#show as HTML
  Parameters: {"id"=>"2"}
  [1m[35mWaterfall Load (0.3ms)[0m  SELECT  "waterfalls".* FROM "waterfalls" WHERE "waterfalls"."id" = ? LIMIT 1  [["id", 2]]
  [1m[36mComment Load (0.2ms)[0m  [1mSELECT "comments".* FROM "comments" WHERE "comments"."waterfall_id" = ?[0m  [["waterfall_id", 2]]
  Rendered comments/_comment.html.erb (2.2ms)
  Rendered comments/_form.html.erb (5.9ms)
  Rendered waterfalls/show.html.erb within layouts/application (15.7ms)
Completed 200 OK in 64ms (Views: 61.3ms | ActiveRecord: 0.5ms)


Started GET "/assets/comments.self-e3b0c44298fc1c149afbf4c8996fb92427ae41e4649b934ca495991b7852b855.css?body=1" for ::1 at 2016-01-24 15:41:52 -0800


Started GET "/assets/waterfalls.self-e3b0c44298fc1c149afbf4c8996fb92427ae41e4649b934ca495991b7852b855.css?body=1" for ::1 at 2016-01-24 15:41:52 -0800


Started GET "/assets/welcome.self-e3b0c44298fc1c149afbf4c8996fb92427ae41e4649b934ca495991b7852b855.css?body=1" for ::1 at 2016-01-24 15:41:52 -0800


Started GET "/assets/application.self-e80e8f2318043e8af94dddc2adad5a4f09739a8ebb323b3ab31cd71d45fd9113.css?body=1" for ::1 at 2016-01-24 15:41:52 -0800


Started GET "/assets/jquery.self-c64a74367bda6ef8b860f19e74df08927ca99d2be2ac934e9e92d5fd361e0da4.js?body=1" for ::1 at 2016-01-24 15:41:52 -0800


Started GET "/assets/jquery_ujs.self-d602bdfe68ffc63b9f9cc512872aa3cfff046228a0a36e90dd476e8ef54c1b09.js?body=1" for ::1 at 2016-01-24 15:41:52 -0800


Started GET "/assets/turbolinks.self-c37727e9bd6b2735da5c311aa83fead54ed0be6cc8bd9a65309e9c5abe2cbfff.js?body=1" for ::1 at 2016-01-24 15:41:52 -0800


Started GET "/assets/comments.self-877aef30ae1b040ab8a3aba4e3e309a11d7f2612f44dde450b5c157aa5f95c05.js?body=1" for ::1 at 2016-01-24 15:41:52 -0800


Started GET "/assets/waterfalls.self-877aef30ae1b040ab8a3aba4e3e309a11d7f2612f44dde450b5c157aa5f95c05.js?body=1" for ::1 at 2016-01-24 15:41:52 -0800


Started GET "/assets/welcome.self-877aef30ae1b040ab8a3aba4e3e309a11d7f2612f44dde450b5c157aa5f95c05.js?body=1" for ::1 at 2016-01-24 15:41:52 -0800


Started GET "/assets/application.self-3b8dabdc891efe46b9a144b400ad69e37d7e5876bdc39dee783419a69d7ca819.js?body=1" for ::1 at 2016-01-24 15:41:52 -0800


Started GET "/waterfalls/2" for ::1 at 2016-01-24 15:42:09 -0800
Processing by WaterfallsController#show as HTML
  Parameters: {"id"=>"2"}
  [1m[35mWaterfall Load (0.3ms)[0m  SELECT  "waterfalls".* FROM "waterfalls" WHERE "waterfalls"."id" = ? LIMIT 1  [["id", 2]]
  [1m[36mComment Load (0.3ms)[0m  [1mSELECT "comments".* FROM "comments" WHERE "comments"."waterfall_id" = ?[0m  [["waterfall_id", 2]]
  Rendered comments/_comment.html.erb (0.8ms)
  Rendered comments/_form.html.erb (5.8ms)
  Rendered waterfalls/show.html.erb within layouts/application (15.2ms)
Completed 200 OK in 66ms (Views: 62.4ms | ActiveRecord: 0.5ms)


Started GET "/assets/comments.self-e3b0c44298fc1c149afbf4c8996fb92427ae41e4649b934ca495991b7852b855.css?body=1" for ::1 at 2016-01-24 15:42:10 -0800


Started GET "/assets/waterfalls.self-e3b0c44298fc1c149afbf4c8996fb92427ae41e4649b934ca495991b7852b855.css?body=1" for ::1 at 2016-01-24 15:42:10 -0800


Started GET "/assets/application.self-e80e8f2318043e8af94dddc2adad5a4f09739a8ebb323b3ab31cd71d45fd9113.css?body=1" for ::1 at 2016-01-24 15:42:10 -0800


Started GET "/assets/jquery_ujs.self-d602bdfe68ffc63b9f9cc512872aa3cfff046228a0a36e90dd476e8ef54c1b09.js?body=1" for ::1 at 2016-01-24 15:42:10 -0800


Started GET "/assets/welcome.self-e3b0c44298fc1c149afbf4c8996fb92427ae41e4649b934ca495991b7852b855.css?body=1" for ::1 at 2016-01-24 15:42:10 -0800


Started GET "/assets/jquery.self-c64a74367bda6ef8b860f19e74df08927ca99d2be2ac934e9e92d5fd361e0da4.js?body=1" for ::1 at 2016-01-24 15:42:10 -0800


Started GET "/assets/comments.self-877aef30ae1b040ab8a3aba4e3e309a11d7f2612f44dde450b5c157aa5f95c05.js?body=1" for ::1 at 2016-01-24 15:42:10 -0800


Started GET "/assets/turbolinks.self-c37727e9bd6b2735da5c311aa83fead54ed0be6cc8bd9a65309e9c5abe2cbfff.js?body=1" for ::1 at 2016-01-24 15:42:10 -0800


Started GET "/assets/waterfalls.self-877aef30ae1b040ab8a3aba4e3e309a11d7f2612f44dde450b5c157aa5f95c05.js?body=1" for ::1 at 2016-01-24 15:42:10 -0800


Started GET "/assets/welcome.self-877aef30ae1b040ab8a3aba4e3e309a11d7f2612f44dde450b5c157aa5f95c05.js?body=1" for ::1 at 2016-01-24 15:42:10 -0800


Started GET "/assets/application.self-3b8dabdc891efe46b9a144b400ad69e37d7e5876bdc39dee783419a69d7ca819.js?body=1" for ::1 at 2016-01-24 15:42:10 -0800


Started GET "/waterfalls/2" for ::1 at 2016-01-24 15:42:20 -0800
Processing by WaterfallsController#show as HTML
  Parameters: {"id"=>"2"}
  [1m[35mWaterfall Load (0.3ms)[0m  SELECT  "waterfalls".* FROM "waterfalls" WHERE "waterfalls"."id" = ? LIMIT 1  [["id", 2]]
  [1m[36mComment Load (0.3ms)[0m  [1mSELECT "comments".* FROM "comments" WHERE "comments"."waterfall_id" = ?[0m  [["waterfall_id", 2]]
  Rendered comments/_comment.html.erb (2.5ms)
  Rendered comments/_form.html.erb (4.4ms)
  Rendered waterfalls/show.html.erb within layouts/application (17.3ms)
Completed 200 OK in 83ms (Views: 78.9ms | ActiveRecord: 0.5ms)


Started GET "/assets/comments.self-e3b0c44298fc1c149afbf4c8996fb92427ae41e4649b934ca495991b7852b855.css?body=1" for ::1 at 2016-01-24 15:42:20 -0800


Started GET "/assets/welcome.self-e3b0c44298fc1c149afbf4c8996fb92427ae41e4649b934ca495991b7852b855.css?body=1" for ::1 at 2016-01-24 15:42:20 -0800


Started GET "/assets/application.self-e80e8f2318043e8af94dddc2adad5a4f09739a8ebb323b3ab31cd71d45fd9113.css?body=1" for ::1 at 2016-01-24 15:42:20 -0800


Started GET "/assets/turbolinks.self-c37727e9bd6b2735da5c311aa83fead54ed0be6cc8bd9a65309e9c5abe2cbfff.js?body=1" for ::1 at 2016-01-24 15:42:20 -0800


Started GET "/assets/waterfalls.self-e3b0c44298fc1c149afbf4c8996fb92427ae41e4649b934ca495991b7852b855.css?body=1" for ::1 at 2016-01-24 15:42:20 -0800


Started GET "/assets/jquery_ujs.self-d602bdfe68ffc63b9f9cc512872aa3cfff046228a0a36e90dd476e8ef54c1b09.js?body=1" for ::1 at 2016-01-24 15:42:20 -0800


Started GET "/assets/jquery.self-c64a74367bda6ef8b860f19e74df08927ca99d2be2ac934e9e92d5fd361e0da4.js?body=1" for ::1 at 2016-01-24 15:42:20 -0800


Started GET "/assets/comments.self-877aef30ae1b040ab8a3aba4e3e309a11d7f2612f44dde450b5c157aa5f95c05.js?body=1" for ::1 at 2016-01-24 15:42:20 -0800


Started GET "/assets/waterfalls.self-877aef30ae1b040ab8a3aba4e3e309a11d7f2612f44dde450b5c157aa5f95c05.js?body=1" for ::1 at 2016-01-24 15:42:20 -0800


Started GET "/assets/application.self-3b8dabdc891efe46b9a144b400ad69e37d7e5876bdc39dee783419a69d7ca819.js?body=1" for ::1 at 2016-01-24 15:42:20 -0800


Started GET "/assets/welcome.self-877aef30ae1b040ab8a3aba4e3e309a11d7f2612f44dde450b5c157aa5f95c05.js?body=1" for ::1 at 2016-01-24 15:42:20 -0800


Started GET "/waterfalls/2" for ::1 at 2016-01-24 15:42:53 -0800
Processing by WaterfallsController#show as HTML
  Parameters: {"id"=>"2"}
  [1m[35mWaterfall Load (0.3ms)[0m  SELECT  "waterfalls".* FROM "waterfalls" WHERE "waterfalls"."id" = ? LIMIT 1  [["id", 2]]
  [1m[36mComment Load (0.3ms)[0m  [1mSELECT "comments".* FROM "comments" WHERE "comments"."waterfall_id" = ?[0m  [["waterfall_id", 2]]
  Rendered comments/_comment.html.erb (2.5ms)
  Rendered comments/_form.html.erb (5.4ms)
  Rendered waterfalls/show.html.erb within layouts/application (34.9ms)
Completed 200 OK in 99ms (Views: 77.2ms | ActiveRecord: 2.6ms)


Started GET "/assets/comments.self-e3b0c44298fc1c149afbf4c8996fb92427ae41e4649b934ca495991b7852b855.css?body=1" for ::1 at 2016-01-24 15:42:53 -0800


Started GET "/assets/waterfalls.self-e3b0c44298fc1c149afbf4c8996fb92427ae41e4649b934ca495991b7852b855.css?body=1" for ::1 at 2016-01-24 15:42:53 -0800


Started GET "/assets/welcome.self-e3b0c44298fc1c149afbf4c8996fb92427ae41e4649b934ca495991b7852b855.css?body=1" for ::1 at 2016-01-24 15:42:53 -0800


Started GET "/assets/application.self-e80e8f2318043e8af94dddc2adad5a4f09739a8ebb323b3ab31cd71d45fd9113.css?body=1" for ::1 at 2016-01-24 15:42:53 -0800


Started GET "/assets/jquery.self-c64a74367bda6ef8b860f19e74df08927ca99d2be2ac934e9e92d5fd361e0da4.js?body=1" for ::1 at 2016-01-24 15:42:53 -0800


Started GET "/assets/turbolinks.self-c37727e9bd6b2735da5c311aa83fead54ed0be6cc8bd9a65309e9c5abe2cbfff.js?body=1" for ::1 at 2016-01-24 15:42:53 -0800


Started GET "/assets/jquery_ujs.self-d602bdfe68ffc63b9f9cc512872aa3cfff046228a0a36e90dd476e8ef54c1b09.js?body=1" for ::1 at 2016-01-24 15:42:53 -0800


Started GET "/assets/comments.self-877aef30ae1b040ab8a3aba4e3e309a11d7f2612f44dde450b5c157aa5f95c05.js?body=1" for ::1 at 2016-01-24 15:42:53 -0800


Started GET "/assets/welcome.self-877aef30ae1b040ab8a3aba4e3e309a11d7f2612f44dde450b5c157aa5f95c05.js?body=1" for ::1 at 2016-01-24 15:42:53 -0800


Started GET "/assets/application.self-3b8dabdc891efe46b9a144b400ad69e37d7e5876bdc39dee783419a69d7ca819.js?body=1" for ::1 at 2016-01-24 15:42:53 -0800


Started GET "/assets/waterfalls.self-877aef30ae1b040ab8a3aba4e3e309a11d7f2612f44dde450b5c157aa5f95c05.js?body=1" for ::1 at 2016-01-24 15:42:53 -0800


Started GET "/waterfalls" for ::1 at 2016-01-24 15:42:55 -0800
Processing by WaterfallsController#index as HTML
  [1m[35mWaterfall Load (0.3ms)[0m  SELECT "waterfalls".* FROM "waterfalls"
  Rendered waterfalls/index.html.erb within layouts/application (2.2ms)
Completed 200 OK in 50ms (Views: 48.2ms | ActiveRecord: 0.3ms)


Started GET "/waterfalls/2/edit" for ::1 at 2016-01-24 15:42:56 -0800
Processing by WaterfallsController#edit as HTML
  Parameters: {"id"=>"2"}
  [1m[36mWaterfall Load (0.2ms)[0m  [1mSELECT  "waterfalls".* FROM "waterfalls" WHERE "waterfalls"."id" = ? LIMIT 1[0m  [["id", 2]]
  Rendered waterfalls/_form.html.erb (3.1ms)
  Rendered waterfalls/edit.html.erb within layouts/application (4.9ms)
Completed 200 OK in 49ms (Views: 46.4ms | ActiveRecord: 0.2ms)


Started GET "/waterfalls" for ::1 at 2016-01-24 15:42:59 -0800
Processing by WaterfallsController#index as HTML
  [1m[35mWaterfall Load (0.3ms)[0m  SELECT "waterfalls".* FROM "waterfalls"
  Rendered waterfalls/index.html.erb within layouts/application (2.3ms)
Completed 200 OK in 50ms (Views: 48.6ms | ActiveRecord: 0.3ms)


Started GET "/waterfalls" for ::1 at 2016-01-24 15:43:04 -0800
Processing by WaterfallsController#index as HTML
  [1m[36mWaterfall Load (0.6ms)[0m  [1mSELECT "waterfalls".* FROM "waterfalls"[0m
  Rendered waterfalls/index.html.erb within layouts/application (11.2ms)
Completed 200 OK in 62ms (Views: 53.2ms | ActiveRecord: 1.3ms)


Started GET "/assets/comments.self-e3b0c44298fc1c149afbf4c8996fb92427ae41e4649b934ca495991b7852b855.css?body=1" for ::1 at 2016-01-24 15:43:05 -0800


Started GET "/assets/waterfalls.self-e3b0c44298fc1c149afbf4c8996fb92427ae41e4649b934ca495991b7852b855.css?body=1" for ::1 at 2016-01-24 15:43:05 -0800


Started GET "/assets/welcome.self-e3b0c44298fc1c149afbf4c8996fb92427ae41e4649b934ca495991b7852b855.css?body=1" for ::1 at 2016-01-24 15:43:05 -0800


Started GET "/assets/application.self-e80e8f2318043e8af94dddc2adad5a4f09739a8ebb323b3ab31cd71d45fd9113.css?body=1" for ::1 at 2016-01-24 15:43:05 -0800


Started GET "/assets/jquery.self-c64a74367bda6ef8b860f19e74df08927ca99d2be2ac934e9e92d5fd361e0da4.js?body=1" for ::1 at 2016-01-24 15:43:05 -0800


Started GET "/assets/jquery_ujs.self-d602bdfe68ffc63b9f9cc512872aa3cfff046228a0a36e90dd476e8ef54c1b09.js?body=1" for ::1 at 2016-01-24 15:43:05 -0800


Started GET "/assets/turbolinks.self-c37727e9bd6b2735da5c311aa83fead54ed0be6cc8bd9a65309e9c5abe2cbfff.js?body=1" for ::1 at 2016-01-24 15:43:05 -0800


Started GET "/assets/comments.self-877aef30ae1b040ab8a3aba4e3e309a11d7f2612f44dde450b5c157aa5f95c05.js?body=1" for ::1 at 2016-01-24 15:43:05 -0800


Started GET "/assets/waterfalls.self-877aef30ae1b040ab8a3aba4e3e309a11d7f2612f44dde450b5c157aa5f95c05.js?body=1" for ::1 at 2016-01-24 15:43:05 -0800


Started GET "/assets/welcome.self-877aef30ae1b040ab8a3aba4e3e309a11d7f2612f44dde450b5c157aa5f95c05.js?body=1" for ::1 at 2016-01-24 15:43:05 -0800


Started GET "/assets/application.self-3b8dabdc891efe46b9a144b400ad69e37d7e5876bdc39dee783419a69d7ca819.js?body=1" for ::1 at 2016-01-24 15:43:05 -0800


Started GET "/waterfalls/2/edit" for ::1 at 2016-01-24 15:43:06 -0800
Processing by WaterfallsController#edit as HTML
  Parameters: {"id"=>"2"}
  [1m[35mWaterfall Load (1.4ms)[0m  SELECT  "waterfalls".* FROM "waterfalls" WHERE "waterfalls"."id" = ? LIMIT 1  [["id", 2]]
  Rendered waterfalls/_form.html.erb (5.0ms)
  Rendered waterfalls/edit.html.erb within layouts/application (6.9ms)
Completed 200 OK in 54ms (Views: 49.1ms | ActiveRecord: 1.4ms)


Started GET "/waterfalls" for ::1 at 2016-01-24 15:43:08 -0800
Processing by WaterfallsController#index as HTML
  [1m[36mWaterfall Load (0.3ms)[0m  [1mSELECT "waterfalls".* FROM "waterfalls"[0m
  Rendered waterfalls/index.html.erb within layouts/application (2.1ms)
Completed 200 OK in 45ms (Views: 43.0ms | ActiveRecord: 0.3ms)


Started GET "/waterfalls" for ::1 at 2016-01-24 15:44:10 -0800
Processing by WaterfallsController#index as HTML
  [1m[35mWaterfall Load (0.7ms)[0m  SELECT "waterfalls".* FROM "waterfalls"
  Rendered waterfalls/index.html.erb within layouts/application (11.2ms)
Completed 200 OK in 64ms (Views: 54.8ms | ActiveRecord: 1.4ms)


Started GET "/assets/comments.self-e3b0c44298fc1c149afbf4c8996fb92427ae41e4649b934ca495991b7852b855.css?body=1" for ::1 at 2016-01-24 15:44:10 -0800


Started GET "/assets/waterfalls.self-e3b0c44298fc1c149afbf4c8996fb92427ae41e4649b934ca495991b7852b855.css?body=1" for ::1 at 2016-01-24 15:44:10 -0800


Started GET "/assets/welcome.self-e3b0c44298fc1c149afbf4c8996fb92427ae41e4649b934ca495991b7852b855.css?body=1" for ::1 at 2016-01-24 15:44:10 -0800


Started GET "/assets/application.self-e80e8f2318043e8af94dddc2adad5a4f09739a8ebb323b3ab31cd71d45fd9113.css?body=1" for ::1 at 2016-01-24 15:44:10 -0800


Started GET "/assets/jquery.self-c64a74367bda6ef8b860f19e74df08927ca99d2be2ac934e9e92d5fd361e0da4.js?body=1" for ::1 at 2016-01-24 15:44:10 -0800


Started GET "/assets/turbolinks.self-c37727e9bd6b2735da5c311aa83fead54ed0be6cc8bd9a65309e9c5abe2cbfff.js?body=1" for ::1 at 2016-01-24 15:44:10 -0800


Started GET "/assets/jquery_ujs.self-d602bdfe68ffc63b9f9cc512872aa3cfff046228a0a36e90dd476e8ef54c1b09.js?body=1" for ::1 at 2016-01-24 15:44:10 -0800


Started GET "/assets/comments.self-877aef30ae1b040ab8a3aba4e3e309a11d7f2612f44dde450b5c157aa5f95c05.js?body=1" for ::1 at 2016-01-24 15:44:10 -0800


Started GET "/assets/waterfalls.self-877aef30ae1b040ab8a3aba4e3e309a11d7f2612f44dde450b5c157aa5f95c05.js?body=1" for ::1 at 2016-01-24 15:44:11 -0800


Started GET "/assets/welcome.self-877aef30ae1b040ab8a3aba4e3e309a11d7f2612f44dde450b5c157aa5f95c05.js?body=1" for ::1 at 2016-01-24 15:44:11 -0800


Started GET "/assets/application.self-3b8dabdc891efe46b9a144b400ad69e37d7e5876bdc39dee783419a69d7ca819.js?body=1" for ::1 at 2016-01-24 15:44:11 -0800


Started GET "/waterfalls/2/edit" for ::1 at 2016-01-24 15:44:12 -0800
Processing by WaterfallsController#edit as HTML
  Parameters: {"id"=>"2"}
  [1m[36mWaterfall Load (0.3ms)[0m  [1mSELECT  "waterfalls".* FROM "waterfalls" WHERE "waterfalls"."id" = ? LIMIT 1[0m  [["id", 2]]
  Rendered waterfalls/_form.html.erb (3.9ms)
  Rendered waterfalls/edit.html.erb within layouts/application (6.3ms)
Completed 200 OK in 58ms (Views: 52.3ms | ActiveRecord: 0.3ms)


Started GET "/waterfalls" for ::1 at 2016-01-24 15:44:13 -0800
Processing by WaterfallsController#index as HTML
  [1m[35mWaterfall Load (0.4ms)[0m  SELECT "waterfalls".* FROM "waterfalls"
  Rendered waterfalls/index.html.erb within layouts/application (2.7ms)
Completed 200 OK in 47ms (Views: 45.0ms | ActiveRecord: 0.4ms)


Started GET "/" for ::1 at 2016-01-24 15:55:06 -0800
  [1m[36mActiveRecord::SchemaMigration Load (0.3ms)[0m  [1mSELECT "schema_migrations".* FROM "schema_migrations"[0m
Processing by WelcomeController#index as HTML
  Rendered welcome/index.html.erb within layouts/application (4.0ms)
Completed 200 OK in 571ms (Views: 547.0ms | ActiveRecord: 0.0ms)


Started GET "/waterfalls" for ::1 at 2016-01-24 15:55:08 -0800
Processing by WaterfallsController#index as HTML
  [1m[35mWaterfall Load (0.5ms)[0m  SELECT "waterfalls".* FROM "waterfalls"
  Rendered waterfalls/index.html.erb within layouts/application (15.3ms)
Completed 200 OK in 120ms (Views: 107.0ms | ActiveRecord: 1.6ms)


Started GET "/waterfalls/2" for ::1 at 2016-01-24 15:55:09 -0800
Processing by WaterfallsController#show as HTML
  Parameters: {"id"=>"2"}
  [1m[36mWaterfall Load (0.5ms)[0m  [1mSELECT  "waterfalls".* FROM "waterfalls" WHERE "waterfalls"."id" = ? LIMIT 1[0m  [["id", 2]]
  [1m[35mComment Load (0.4ms)[0m  SELECT "comments".* FROM "comments" WHERE "comments"."waterfall_id" = ?  [["waterfall_id", 2]]
  Rendered comments/_comment.html.erb (6.2ms)
  Rendered comments/_form.html.erb (40.2ms)
  Rendered waterfalls/show.html.erb within layouts/application (129.9ms)
Completed 200 OK in 197ms (Views: 175.9ms | ActiveRecord: 1.5ms)


Started DELETE "/waterfalls/2/comments/2" for ::1 at 2016-01-24 15:55:13 -0800
Processing by CommentsController#destroy as HTML
  Parameters: {"authenticity_token"=>"KNtw7bgUWalMsp6hQUl/keJC5pHWO8ltjmx/yQMbXfeDqI5Mq4JkD62iQ7alQNIrK1ssJavgcXtB0/CDo46X5g==", "waterfall_id"=>"2", "id"=>"2"}
  [1m[36mWaterfall Load (0.2ms)[0m  [1mSELECT  "waterfalls".* FROM "waterfalls" WHERE "waterfalls"."id" = ? LIMIT 1[0m  [["id", 2]]
  [1m[35mComment Load (2.0ms)[0m  SELECT  "comments".* FROM "comments" WHERE "comments"."waterfall_id" = ? AND "comments"."id" = ? LIMIT 1  [["waterfall_id", 2], ["id", 2]]
  [1m[36m (0.2ms)[0m  [1mbegin transaction[0m
  [1m[35mSQL (1.3ms)[0m  DELETE FROM "comments" WHERE "comments"."id" = ?  [["id", 2]]
  [1m[36m (28.5ms)[0m  [1mcommit transaction[0m
Redirected to http://localhost:3000/waterfalls/2
Completed 302 Found in 52ms (ActiveRecord: 32.2ms)


Started GET "/waterfalls/2" for ::1 at 2016-01-24 15:55:13 -0800
Processing by WaterfallsController#show as HTML
  Parameters: {"id"=>"2"}
  [1m[35mWaterfall Load (0.4ms)[0m  SELECT  "waterfalls".* FROM "waterfalls" WHERE "waterfalls"."id" = ? LIMIT 1  [["id", 2]]
  [1m[36mComment Load (0.2ms)[0m  [1mSELECT "comments".* FROM "comments" WHERE "comments"."waterfall_id" = ?[0m  [["waterfall_id", 2]]
  Rendered collection (0.0ms)
  Rendered comments/_form.html.erb (9.9ms)
  Rendered waterfalls/show.html.erb within layouts/application (20.3ms)
Completed 200 OK in 110ms (Views: 105.0ms | ActiveRecord: 0.7ms)


Started GET "/waterfalls" for ::1 at 2016-01-24 15:55:18 -0800
Processing by WaterfallsController#index as HTML
  [1m[35mWaterfall Load (0.3ms)[0m  SELECT "waterfalls".* FROM "waterfalls"
  Rendered waterfalls/index.html.erb within layouts/application (2.1ms)
Completed 200 OK in 67ms (Views: 64.7ms | ActiveRecord: 0.3ms)
